#
# A fatal error has been detected by the Java Runtime Environment:
#
#  SIGBUS (0x7) at pc=0x00007f3f25a3166f, pid=810, tid=815
#
# JRE version: OpenJDK Runtime Environment (19.0.2+7) (build 19.0.2+7-Ubuntu-0ubuntu322.04)
# Java VM: OpenJDK 64-Bit Server VM (19.0.2+7-Ubuntu-0ubuntu322.04, mixed mode, sharing, tiered, compressed oops, compressed class ptrs, parallel gc, linux-amd64)
# Problematic frame:
# V  [libjvm.so+0xcf266f]  JVM_handle_linux_signal+0x1ef
#
# Core dump will be written. Default location: Core dumps may be processed with "/lib/systemd/systemd-coredump %P %u %g %s %t 9223372036854775808 %h" (or dumping to /home/sheryar/Documents/java_work_env/java_work/Labs/CEP/TMS/Time-Table-Management-in-Java/core.810)
#
# If you would like to submit a bug report, please visit:
#   Unknown
#

---------------  S U M M A R Y ------------

Command Line: --add-modules=ALL-SYSTEM --add-opens=java.base/java.util=ALL-UNNAMED --add-opens=java.base/java.lang=ALL-UNNAMED --add-opens=java.base/sun.nio.fs=ALL-UNNAMED -Declipse.application=org.eclipse.jdt.ls.core.id1 -Dosgi.bundles.defaultStartLevel=4 -Declipse.product=org.eclipse.jdt.ls.core.product -Djava.import.generatesMetadataFilesAtProjectRoot=false -Dfile.encoding=utf8 -XX:+UseParallelGC -XX:GCTimeRatio=4 -XX:AdaptiveSizePolicyWeight=90 -Dsun.zip.disableMemoryMapping=true -Xmx1G -Xms100m -Xlog:disable -javaagent:/home/sheryar/.var/app/com.visualstudio.code/data/vscode/extensions/redhat.java-1.20.0-linux-x64/lombok/lombok-1.18.28.jar -XX:+HeapDumpOnOutOfMemoryError -XX:HeapDumpPath=/home/sheryar/.var/app/com.visualstudio.code/config/Code/User/workspaceStorage/ac5956e2bfefecfc416832d8931b80af/redhat.java -Daether.dependencyCollector.impl=bf /home/sheryar/.var/app/com.visualstudio.code/data/vscode/extensions/redhat.java-1.20.0-linux-x64/server/plugins/org.eclipse.equinox.launcher_1.6.500.v20230622-2056.jar -configuration /home/sheryar/.var/app/com.visualstudio.code/config/Code/User/globalStorage/redhat.java/1.20.0/config_linux -data /home/sheryar/.var/app/com.visualstudio.code/config/Code/User/workspaceStorage/ac5956e2bfefecfc416832d8931b80af/redhat.java/jdt_ws

Host: Intel(R) Core(TM) m5-6Y54 CPU @ 1.10GHz, 4 cores, 7G, Freedesktop.org SDK 22.08 (Flatpak runtime)
Time: Tue Jul 25 21:52:19 2023 PKT elapsed time: 8573.047425 seconds (0d 2h 22m 53s)

---------------  T H R E A D  ---------------

Current thread (0x00007f3f20123d70):  VMThread "VM Thread" [stack: 0x00007f3f01d2e000,0x00007f3f01e2e000] [id=815]

Stack: [0x00007f3f01d2e000,0x00007f3f01e2e000],  sp=0x00007f3f01e2bde0,  free space=1015k
Native frames: (J=compiled Java code, j=interpreted, Vv=VM code, C=native code)
V  [libjvm.so+0xcf266f]  JVM_handle_linux_signal+0x1ef
C  [libc.so.6+0x3f0c0]
C  [libc.so.6+0x418e6]
C  [libc.so.6+0x41a4e]
V  [libjvm.so+0xe21ad7]
V  [libjvm.so+0x1086815]
V  [libjvm.so+0xe21e0e]
V  [libjvm.so+0xbd2207]
C  [libc.so.6+0x8f1da]


siginfo: si_signo: 7 (SIGBUS), si_code: 2 (BUS_ADRERR), si_addr: 0x00007f3f08063680

Registers:
RAX=0x00007f3f25e06069, RBX=0x0000000000000007, RCX=0x00007f3f08063680, RDX=0x0000000000000001
RSP=0x00007f3f01e2bde0, RBP=0x00007f3f01e2bfb0, RSI=0x0000000000000001, RDI=0x00007f3f26357000
R8 =0x00007f3f01e2c600, R9 =0x00007f3f01e2c61f, R10=0x0000000000000008, R11=0x00007f3f20123d70
R12=0x00007f3f01e2bf00, R13=0x00007f3f01e2bfc0, R14=0x00007f3f01e2c0f0, R15=0x0000000000000000
RIP=0x00007f3f25a3166f, EFLAGS=0x0000000000010297, CSGSFS=0x002b000000000033, ERR=0x0000000000000004
  TRAPNO=0x000000000000000e


Register to memory mapping:

RAX=0x00007f3f25e06069: <offset 0x00000000010c7069> in /run/flatpak/doc/b19bd829/java-19-openjdk-amd64/lib/server/libjvm.so at 0x00007f3f24d3f000
RBX=0x0000000000000007 is an unknown value
RCX=0x00007f3f08063680: <offset 0x0000000000004680> in /run/flatpak/doc/b19bd829/java-19-openjdk-amd64/lib/libverify.so at 0x00007f3f0805f000
RDX=0x0000000000000001 is an unknown value
RSP=0x00007f3f01e2bde0 points into unknown readable memory: 0x00007f3f01e2bf00 | 00 bf e2 01 3f 7f 00 00
RBP=0x00007f3f01e2bfb0 points into unknown readable memory: 0x00007f3f01e2c780 | 80 c7 e2 01 3f 7f 00 00
RSI=0x0000000000000001 is an unknown value
RDI=0x00007f3f26357000 is an unknown value
R8 =0x00007f3f01e2c600 points into unknown readable memory: 0x000000000000006e | 6e 00 00 00 00 00 00 00
R9 =0x00007f3f01e2c61f points into unknown readable memory: 00
R10=0x0000000000000008 is an unknown value
R11=0x00007f3f20123d70 points into unknown readable memory: 0x00007f3f26009ff8 | f8 9f 00 26 3f 7f 00 00
R12=0x00007f3f01e2bf00 points into unknown readable memory: 0x00000000000004d8 | d8 04 00 00 00 00 00 00
R13=0x00007f3f01e2bfc0 points into unknown readable memory: 0x0000000000000007 | 07 00 00 00 00 00 00 00
R14=0x00007f3f01e2c0f0 points into unknown readable memory: 0x0000000000000007 | 07 00 00 00 00 00 00 00
R15=0x0 is NULL


Top of Stack: (sp=0x00007f3f01e2bde0)
0x00007f3f01e2bde0:   00007f3f01e2bf00 00007f3f25906067
0x00007f3f01e2bdf0:   00007f3f25ffbc88 00007f3f00000001
0x00007f3f01e2be00:   00007f3f26003110 00007f3f25e4bd1d
0x00007f3f01e2be10:   00007f3f01e2be20 00007f3f25e8aa01 

Instructions: (pc=0x00007f3f25a3166f)
0x00007f3f25a3156f:   49 89 c3 0f 84 88 00 00 00 48 3b 05 61 19 6d 00
0x00007f3f25a3157f:   0f 84 8b 00 00 00 83 fb 0b 41 0f 94 c0 83 fb 07
0x00007f3f25a3158f:   0f 94 85 68 fe ff ff 4d 85 f6 0f 95 c2 20 d1 0f
0x00007f3f25a3159f:   85 9c 01 00 00 4d 85 ed 0f 84 9c 00 00 00 49 8b
0x00007f3f25a315af:   85 a8 00 00 00 48 89 85 78 fe ff ff 45 85 ff 0f
0x00007f3f25a315bf:   85 92 00 00 00 48 8d 05 98 4a 3d 00 48 39 85 78
0x00007f3f25a315cf:   fe ff ff 0f 84 5b 04 00 00 48 8d 05 8a 4a 3d 00
0x00007f3f25a315df:   48 39 85 78 fe ff ff 75 6e 48 8d 05 7e 4a 3d 00
0x00007f3f25a315ef:   49 89 85 a8 00 00 00 b8 01 00 00 00 e9 1e 01 00
0x00007f3f25a315ff:   00 45 31 db e9 7d ff ff ff 0f 1f 84 00 00 00 00
0x00007f3f25a3160f:   00 48 8b 3d 11 0d 6e 00 48 85 ff 0f 84 65 ff ff
0x00007f3f25a3161f:   ff 45 85 ff 0f 84 26 17 00 00 83 fb 0b 41 0f 94
0x00007f3f25a3162f:   c0 83 fb 07 0f 94 85 68 fe ff ff 4d 85 f6 0f 95
0x00007f3f25a3163f:   c2 4d 85 ed 0f 85 cc 18 00 00 48 c7 85 78 fe ff
0x00007f3f25a3164f:   ff 00 00 00 00 31 d2 83 fb 0d 0f 84 11 01 00 00
0x00007f3f25a3165f:   83 fb 19 0f 84 08 01 00 00 49 8b 8d a8 00 00 00
0x00007f3f25a3166f:   80 39 0f 0f 84 e0 01 00 00 88 95 40 fe ff ff 44
0x00007f3f25a3167f:   88 85 48 fe ff ff 4d 85 db 74 1f 49 8b 03 4c 89
0x00007f3f25a3168f:   9d 60 fe ff ff 4c 89 df ff 50 40 4c 8b 9d 60 fe
0x00007f3f25a3169f:   ff ff 84 c0 0f 85 df 00 00 00 0f b6 05 49 c7 66
0x00007f3f25a316af:   00 ba 01 00 00 00 84 c0 0f 85 a3 02 00 00 8b 8d
0x00007f3f25a316bf:   70 fe ff ff 85 c9 0f 84 36 17 00 00 84 d2 0f 84
0x00007f3f25a316cf:   2e 17 00 00 48 83 ec 08 48 8d 05 a7 e8 44 00 4c
0x00007f3f25a316df:   89 df 89 de 50 48 8b 95 78 fe ff ff 4d 89 e8 4c
0x00007f3f25a316ef:   89 f1 4c 8d 0d d5 3d 41 00 31 c0 e8 f1 3a 1a 00
0x00007f3f25a316ff:   48 8b 05 a2 be 66 00 be 9e 02 00 00 48 8d 3d 3e
0x00007f3f25a3170f:   fc 42 00 c6 00 58 e8 d6 b9 90 ff 58 31 c0 5a 48
0x00007f3f25a3171f:   8b 9d 80 fe ff ff 8b 8d 8c fe ff ff 89 0b 48 8d
0x00007f3f25a3172f:   65 d8 5b 41 5c 41 5d 41 5e 41 5f 5d c3 0f 1f 40
0x00007f3f25a3173f:   00 48 8b 3d 61 be 66 00 49 39 7e 10 0f 84 1f 08
0x00007f3f25a3174f:   00 00 4d 85 ed 0f 84 e6 00 00 00 49 8b 85 a8 00
0x00007f3f25a3175f:   00 00 89 ca 48 89 85 78 fe ff ff e9 55 fe ff ff 


Stack slot to memory mapping:
stack at sp + 0 slots: 0x00007f3f01e2bf00 points into unknown readable memory: 0x00000000000004d8 | d8 04 00 00 00 00 00 00
stack at sp + 1 slots: 0x00007f3f25906067: <offset 0x0000000000bc7067> in /run/flatpak/doc/b19bd829/java-19-openjdk-amd64/lib/server/libjvm.so at 0x00007f3f24d3f000
stack at sp + 2 slots: 0x00007f3f25ffbc88: <offset 0x00000000012bcc88> in /run/flatpak/doc/b19bd829/java-19-openjdk-amd64/lib/server/libjvm.so at 0x00007f3f24d3f000
stack at sp + 3 slots: 0x00007f3f00000001 is pointing into metadata
stack at sp + 4 slots: 0x00007f3f26003110: <offset 0x00000000012c4110> in /run/flatpak/doc/b19bd829/java-19-openjdk-amd64/lib/server/libjvm.so at 0x00007f3f24d3f000
stack at sp + 5 slots: 0x00007f3f25e4bd1d: <offset 0x000000000110cd1d> in /run/flatpak/doc/b19bd829/java-19-openjdk-amd64/lib/server/libjvm.so at 0x00007f3f24d3f000
stack at sp + 6 slots: 0x00007f3f01e2be20 points into unknown readable memory: 0x0000000000000001 | 01 00 00 00 00 00 00 00
stack at sp + 7 slots: 0x00007f3f25e8aa01: <offset 0x000000000114ba01> in /run/flatpak/doc/b19bd829/java-19-openjdk-amd64/lib/server/libjvm.so at 0x00007f3f24d3f000

VM_Operation (0x00007f3e97dfe6b0): Exit, mode: safepoint, requested by thread 0x00007f3ee809ce20


---------------  P R O C E S S  ---------------

Threads class SMR info:
_java_thread_list=0x00005632a35ca1f0, length=32, elements={
0x00007f3f20017350, 0x00007f3f2012e1e0, 0x00007f3f2012f570, 0x00007f3f20130c90,
0x00007f3f201320e0, 0x00007f3f20133520, 0x00007f3f20134f00, 0x00007f3f20136460,
0x00007f3f20137900, 0x00007f3f20144650, 0x00007f3f2020e890, 0x00007f3f20415d50,
0x00007f3f203e3cc0, 0x00007f3f203e6750, 0x00007f3ea8033880, 0x00007f3ea827d8f0,
0x00007f3ea884a970, 0x00007f3ea88716a0, 0x00007f3f2043fed0, 0x00007f3f204e5120,
0x00007f3f204e65d0, 0x00007f3ef415f8d0, 0x00007f3ee805c070, 0x00007f3ef0057ae0,
0x00007f3e9024ffa0, 0x00007f3e90253f80, 0x00007f3ed40b35b0, 0x00007f3eb07ad6a0,
0x00007f3e882fd910, 0x00007f3e905240f0, 0x00007f3ef40dac30, 0x00007f3ee809ce20
}

Java Threads: ( => current thread )
  0x00007f3f20017350 JavaThread "main" [_thread_blocked, id=812, stack(0x00007f3f248fa000,0x00007f3f249fa000)]
  0x00007f3f2012e1e0 JavaThread "Reference Handler" daemon [_thread_blocked, id=816, stack(0x00007f3f01c2c000,0x00007f3f01d2c000)]
  0x00007f3f2012f570 JavaThread "Finalizer" daemon [_thread_blocked, id=817, stack(0x00007f3efd888000,0x00007f3efd988000)]
  0x00007f3f20130c90 JavaThread "Signal Dispatcher" daemon [_thread_blocked, id=818, stack(0x00007f3efd788000,0x00007f3efd888000)]
  0x00007f3f201320e0 JavaThread "Service Thread" daemon [_thread_blocked, id=819, stack(0x00007f3efd688000,0x00007f3efd788000)]
  0x00007f3f20133520 JavaThread "Monitor Deflation Thread" daemon [_thread_blocked, id=820, stack(0x00007f3efd588000,0x00007f3efd688000)]
  0x00007f3f20134f00 JavaThread "C2 CompilerThread0" daemon [_thread_blocked, id=821, stack(0x00007f3efd488000,0x00007f3efd588000)]
  0x00007f3f20136460 JavaThread "C1 CompilerThread0" daemon [_thread_blocked, id=822, stack(0x00007f3efd388000,0x00007f3efd488000)]
  0x00007f3f20137900 JavaThread "Sweeper thread" daemon [_thread_blocked, id=823, stack(0x00007f3efd288000,0x00007f3efd388000)]
  0x00007f3f20144650 JavaThread "Common-Cleaner" daemon [_thread_blocked, id=825, stack(0x00007f3efd188000,0x00007f3efd288000)]
  0x00007f3f2020e890 JavaThread "Notification Thread" daemon [_thread_blocked, id=843, stack(0x00007f3efd088000,0x00007f3efd188000)]
  0x00007f3f20415d50 JavaThread "Active Thread: Equinox Container: 2f642abf-408b-4b04-9b8f-8bf30f437bb3" [_thread_blocked, id=882, stack(0x00007f3efce86000,0x00007f3efcf86000)]
  0x00007f3f203e3cc0 JavaThread "Framework Event Dispatcher: Equinox Container: 2f642abf-408b-4b04-9b8f-8bf30f437bb3" daemon [_thread_blocked, id=888, stack(0x00007f3efc980000,0x00007f3efca80000)]
  0x00007f3f203e6750 JavaThread "Start Level: Equinox Container: 2f642abf-408b-4b04-9b8f-8bf30f437bb3" daemon [_thread_blocked, id=889, stack(0x00007f3efc880000,0x00007f3efc980000)]
  0x00007f3ea8033880 JavaThread "SCR Component Actor" daemon [_thread_blocked, id=891, stack(0x00007f3efc500000,0x00007f3efc600000)]
  0x00007f3ea827d8f0 JavaThread "Worker-JM" [_thread_blocked, id=895, stack(0x00007f3efc300000,0x00007f3efc400000)]
  0x00007f3ea884a970 JavaThread "Java indexing" daemon [_thread_blocked, id=909, stack(0x00007f3efc100000,0x00007f3efc200000)]
  0x00007f3ea88716a0 JavaThread "SeedGenerator Thread" daemon [_thread_blocked, id=911, stack(0x00007f3e97f00000,0x00007f3e98000000)]
  0x00007f3f2043fed0 JavaThread "pool-2-thread-1" [_thread_blocked, id=997, stack(0x00007f3e97e00000,0x00007f3e97f00000)]
  0x00007f3f204e5120 JavaThread "WorkspaceEventsHandler" [_thread_blocked, id=1002, stack(0x00007f3e97b00000,0x00007f3e97c00000)]
  0x00007f3f204e65d0 JavaThread "pool-1-thread-1" [_thread_blocked, id=1003, stack(0x00007f3e9781c000,0x00007f3e9791c000)]
  0x00007f3ef415f8d0 JavaThread "Bundle File Closer" daemon [_thread_blocked, id=1070, stack(0x00007f3e9751c000,0x00007f3e9761c000)]
  0x00007f3ee805c070 JavaThread "Attach Listener" daemon [_thread_blocked, id=1091, stack(0x00007f3e9741c000,0x00007f3e9751c000)]
  0x00007f3ef0057ae0 JavaThread "Java Debug Server" daemon [_thread_in_native, id=1259, stack(0x00007f3efca80000,0x00007f3efcb80000)]
  0x00007f3e9024ffa0 JavaThread "RxSchedulerPurge-1" daemon [_thread_blocked, id=1261, stack(0x00007f3e9711c000,0x00007f3e9721c000)]
  0x00007f3e90253f80 JavaThread "RxCachedWorkerPoolEvictor-1" daemon [_thread_blocked, id=1262, stack(0x00007f3e9701c000,0x00007f3e9711c000)]
  0x00007f3ed40b35b0 JavaThread "ForkJoinPool.commonPool-worker-21" daemon [_thread_blocked, id=27899, stack(0x00007f3e97a00000,0x00007f3e97b00000)]
  0x00007f3eb07ad6a0 JavaThread "ForkJoinPool.commonPool-worker-22" daemon [_thread_blocked, id=27900, stack(0x00007f3e9771c000,0x00007f3e9781c000)]
  0x00007f3e882fd910 JavaThread "ForkJoinPool.commonPool-worker-23" daemon [_thread_blocked, id=27976, stack(0x00007f3efc400000,0x00007f3efc500000)]
  0x00007f3e905240f0 JavaThread "Worker-30" [_thread_blocked, id=37829, stack(0x00007f3e96f1c000,0x00007f3e9701c000)]
  0x00007f3ef40dac30 JavaThread "Worker-31" [_thread_blocked, id=38922, stack(0x00007f3e9731c000,0x00007f3e9741c000)]
  0x00007f3ee809ce20 JavaThread "SIGTERM handler" daemon [_thread_blocked, id=40025, stack(0x00007f3e97d00000,0x00007f3e97e00000)]

Other Threads:
=>0x00007f3f20123d70 VMThread "VM Thread" [stack: 0x00007f3f01d2e000,0x00007f3f01e2e000] [id=815]
  0x00007f3f200327f0 WorkerThread "GC Thread#0" [stack: 0x00007f3f243d9000,0x00007f3f244d9000] [id=813]
  0x00007f3ef8000f20 WorkerThread "GC Thread#1" [stack: 0x00007f3efcd86000,0x00007f3efce86000] [id=869]
  0x00007f3ef8002ac0 WorkerThread "GC Thread#2" [stack: 0x00007f3efcc84000,0x00007f3efcd84000] [id=870]
  0x00007f3ef8003310 WorkerThread "GC Thread#3" [stack: 0x00007f3efcb82000,0x00007f3efcc82000] [id=871]

Threads with active compile tasks:

VM state: at safepoint (shutting down)

VM Mutex/Monitor currently owned by a thread:  ([mutex/lock_event])
[0x00007f3f20015af0] Threads_lock - owner thread: 0x00007f3f20123d70
[0x00007f3f20015ba0] Heap_lock - owner thread: 0x00007f3ee809ce20

Heap address: 0x00000000c0000000, size: 1024 MB, Compressed Oops mode: 32-bit

CDS archive(s) mapped at: [0x0000000800000000-0x0000000800c51000-0x0000000800c51000), size 12914688, SharedBaseAddress: 0x0000000800000000, ArchiveRelocationMode: 0.
Compressed class space mapped at: 0x0000000801000000-0x0000000841000000, reserved size: 1073741824
Narrow klass base: 0x0000000800000000, Narrow klass shift: 0, Narrow klass range: 0x100000000

GC Precious Log:
 CardTable entry size: 512
 CPUs: 4 total, 4 available
 Memory: 7869M
 Large Page Support: Disabled
 NUMA Support: Disabled
 Compressed Oops: Enabled (32-bit)
 Alignments: Space 512K, Generation 512K, Heap 2M
 Heap Min Capacity: 100M
 Heap Initial Capacity: 100M
 Heap Max Capacity: 1G
 Pre-touch: Disabled
 Parallel Workers: 4

Heap:
 PSYoungGen      total 5632K, used 4431K [0x00000000eab00000, 0x00000000eb200000, 0x0000000100000000)
  eden space 5120K, 76% used [0x00000000eab00000,0x00000000eaed7d78,0x00000000eb000000)
  from space 512K, 96% used [0x00000000eb100000,0x00000000eb17c010,0x00000000eb180000)
  to   space 1024K, 0% used [0x00000000eb000000,0x00000000eb000000,0x00000000eb100000)
 ParOldGen       total 78336K, used 61517K [0x00000000c0000000, 0x00000000c4c80000, 0x00000000eab00000)
  object space 78336K, 78% used [0x00000000c0000000,0x00000000c3c13768,0x00000000c4c80000)
 Metaspace       used 85426K, committed 86784K, reserved 1179648K
  class space    used 7832K, committed 8448K, reserved 1048576K

Card table byte_map: [0x00007f3f244d9000,0x00007f3f246da000] _byte_map_base: 0x00007f3f23ed9000

Marking Bits: (ParMarkBitMap*) 0x00007f3f261121e0
 Begin Bits: [0x00007f3f02000000, 0x00007f3f03000000)
 End Bits:   [0x00007f3f03000000, 0x00007f3f04000000)

Polling page: 0x00007f3f26355000

Metaspace:

Usage:
  Non-class:     75.77 MB used.
      Class:      7.65 MB used.
       Both:     83.42 MB used.

Virtual space:
  Non-class space:      128.00 MB reserved,      76.50 MB ( 60%) committed,  2 nodes.
      Class space:        1.00 GB reserved,       8.25 MB ( <1%) committed,  1 nodes.
             Both:        1.12 GB reserved,      84.75 MB (  7%) committed. 

Chunk freelists:
   Non-Class:  3.54 MB
       Class:  3.72 MB
        Both:  7.25 MB

MaxMetaspaceSize: unlimited
CompressedClassSpaceSize: 1.00 GB
Initial GC threshold: 21.00 MB
Current GC threshold: 141.19 MB
CDS: on
MetaspaceReclaimPolicy: balanced
 - commit_granule_bytes: 65536.
 - commit_granule_words: 8192.
 - virtual_space_node_default_size: 8388608.
 - enlarge_chunks_in_place: 1.
 - new_chunks_are_fully_committed: 0.
 - uncommit_free_chunks: 1.
 - use_allocation_guard: 0.


Internal statistics:

num_allocs_failed_limit: 9.
num_arena_births: 1742.
num_arena_deaths: 380.
num_vsnodes_births: 3.
num_vsnodes_deaths: 0.
num_space_committed: 1356.
num_space_uncommitted: 0.
num_chunks_returned_to_freelist: 413.
num_chunks_taken_from_freelist: 6107.
num_chunk_merges: 103.
num_chunk_splits: 3680.
num_chunks_enlarged: 2198.
num_inconsistent_stats: 0.

CodeHeap 'non-profiled nmethods': size=120032Kb used=26098Kb max_used=26293Kb free=93933Kb
 bounds [0x00007f3f10790000, 0x00007f3f12150000, 0x00007f3f17cc8000]
CodeHeap 'profiled nmethods': size=120028Kb used=38360Kb max_used=39551Kb free=81667Kb
 bounds [0x00007f3f08cc8000, 0x00007f3f0b378000, 0x00007f3f101ff000]
CodeHeap 'non-nmethods': size=5700Kb used=1506Kb max_used=1612Kb free=4193Kb
 bounds [0x00007f3f101ff000, 0x00007f3f1046f000, 0x00007f3f10790000]
 total_blobs=19669 nmethods=18887 adapters=688
 compilation: enabled
              stopped_count=0, restarted_count=0
 full_count=0

Compilation events (20 events):
Event: 8427.243 Thread 0x00007f3f20136460 29612       3       org.eclipse.jdt.core.dom.ParameterizedType::propertyDescriptors (4 bytes)
Event: 8427.243 Thread 0x00007f3f20136460 nmethod 29612 0x00007f3f09899710 code [0x00007f3f098998a0, 0x00007f3f09899990]
Event: 8430.693 Thread 0x00007f3f20136460 29613       3       com.google.common.cache.LocalCache$Segment::recordRead (29 bytes)
Event: 8430.693 Thread 0x00007f3f20136460 nmethod 29613 0x00007f3f09e21a90 code [0x00007f3f09e21c60, 0x00007f3f09e22070]
Event: 8430.693 Thread 0x00007f3f20136460 29614       3       com.google.common.cache.CacheBuilder$1::recordHits (1 bytes)
Event: 8430.694 Thread 0x00007f3f20136460 nmethod 29614 0x00007f3f0a581910 code [0x00007f3f0a581aa0, 0x00007f3f0a581bb0]
Event: 8458.248 Thread 0x00007f3f20136460 29615       1       org.eclipse.jdt.internal.corext.util.SuperTypeHierarchyCache$HierarchyCacheEntry::getTypeHierarchy (5 bytes)
Event: 8458.249 Thread 0x00007f3f20136460 nmethod 29615 0x00007f3f10ebde90 code [0x00007f3f10ebe020, 0x00007f3f10ebe0d0]
Event: 8473.809 Thread 0x00007f3f20134f00 29616       4       org.eclipse.jdt.internal.compiler.ast.FieldReference::analyseCode (9 bytes)
Event: 8473.834 Thread 0x00007f3f20134f00 nmethod 29616 0x00007f3f1178b890 code [0x00007f3f1178bae0, 0x00007f3f1178c698]
Event: 8473.843 Thread 0x00007f3f20134f00 29617       4       org.eclipse.jdt.internal.compiler.ast.FieldReference::generateCode (653 bytes)
Event: 8473.863 Thread 0x00007f3f20134f00 nmethod 29617 0x00007f3f11fde090 code [0x00007f3f11fde360, 0x00007f3f11fdf148]
Event: 8475.589 Thread 0x00007f3f20136460 29618       3       org.eclipse.jdt.internal.compiler.codegen.CodeStream::ifnonnull (86 bytes)
Event: 8475.590 Thread 0x00007f3f20136460 nmethod 29618 0x00007f3f0a66c810 code [0x00007f3f0a66ca20, 0x00007f3f0a66d0f0]
Event: 8475.605 Thread 0x00007f3f20134f00 29619       4       org.eclipse.jdt.internal.core.dom.rewrite.ASTRewriteAnalyzer::visit (515 bytes)
Event: 8475.662 Thread 0x00007f3f20134f00 nmethod 29619 0x00007f3f11e65d90 code [0x00007f3f11e661e0, 0x00007f3f11e67ae0]
Event: 8475.872 Thread 0x00007f3f20134f00 29620       4       org.eclipse.jdt.core.dom.InfixExpression::internalGetChildListProperty (18 bytes)
Event: 8475.875 Thread 0x00007f3f20134f00 nmethod 29620 0x00007f3f11627b10 code [0x00007f3f11627ca0, 0x00007f3f11627e78]
Event: 8476.975 Thread 0x00007f3f20134f00 29621       4       org.eclipse.jdt.internal.compiler.ast.BinaryExpression::generateOptimizedLessThan (407 bytes)
Event: 8476.981 Thread 0x00007f3f20134f00 nmethod 29621 0x00007f3f11fdd390 code [0x00007f3f11fdd580, 0x00007f3f11fdd9f0]

GC Heap History (20 events):
Event: 8475.595 GC heap before
{Heap before GC invocations=10166 (full 292):
 PSYoungGen      total 7168K, used 6783K [0x00000000eab00000, 0x00000000eb300000, 0x0000000100000000)
  eden space 6656K, 99% used [0x00000000eab00000,0x00000000eb17fff8,0x00000000eb180000)
  from space 512K, 25% used [0x00000000eb280000,0x00000000eb2a0000,0x00000000eb300000)
  to   space 512K, 0% used [0x00000000eb200000,0x00000000eb200000,0x00000000eb280000)
 ParOldGen       total 78336K, used 59378K [0x00000000c0000000, 0x00000000c4c80000, 0x00000000eab00000)
  object space 78336K, 75% used [0x00000000c0000000,0x00000000c39fcad8,0x00000000c4c80000)
 Metaspace       used 85422K, committed 86784K, reserved 1179648K
  class space    used 7832K, committed 8448K, reserved 1048576K
}
Event: 8475.597 GC heap after
{Heap after GC invocations=10166 (full 292):
 PSYoungGen      total 7168K, used 448K [0x00000000eab00000, 0x00000000eb300000, 0x0000000100000000)
  eden space 6656K, 0% used [0x00000000eab00000,0x00000000eab00000,0x00000000eb180000)
  from space 512K, 87% used [0x00000000eb200000,0x00000000eb270000,0x00000000eb280000)
  to   space 512K, 0% used [0x00000000eb280000,0x00000000eb280000,0x00000000eb300000)
 ParOldGen       total 78336K, used 59378K [0x00000000c0000000, 0x00000000c4c80000, 0x00000000eab00000)
  object space 78336K, 75% used [0x00000000c0000000,0x00000000c39fcad8,0x00000000c4c80000)
 Metaspace       used 85422K, committed 86784K, reserved 1179648K
  class space    used 7832K, committed 8448K, reserved 1048576K
}
Event: 8475.861 GC heap before
{Heap before GC invocations=10167 (full 292):
 PSYoungGen      total 7168K, used 7104K [0x00000000eab00000, 0x00000000eb300000, 0x0000000100000000)
  eden space 6656K, 100% used [0x00000000eab00000,0x00000000eb180000,0x00000000eb180000)
  from space 512K, 87% used [0x00000000eb200000,0x00000000eb270000,0x00000000eb280000)
  to   space 512K, 0% used [0x00000000eb280000,0x00000000eb280000,0x00000000eb300000)
 ParOldGen       total 78336K, used 59378K [0x00000000c0000000, 0x00000000c4c80000, 0x00000000eab00000)
  object space 78336K, 75% used [0x00000000c0000000,0x00000000c39fcad8,0x00000000c4c80000)
 Metaspace       used 85422K, committed 86784K, reserved 1179648K
  class space    used 7832K, committed 8448K, reserved 1048576K
}
Event: 8475.868 GC heap after
{Heap after GC invocations=10167 (full 292):
 PSYoungGen      total 5632K, used 496K [0x00000000eab00000, 0x00000000eb680000, 0x0000000100000000)
  eden space 5120K, 0% used [0x00000000eab00000,0x00000000eab00000,0x00000000eb000000)
  from space 512K, 96% used [0x00000000eb280000,0x00000000eb2fc010,0x00000000eb300000)
  to   space 2560K, 0% used [0x00000000eb000000,0x00000000eb000000,0x00000000eb280000)
 ParOldGen       total 78336K, used 60762K [0x00000000c0000000, 0x00000000c4c80000, 0x00000000eab00000)
  object space 78336K, 77% used [0x00000000c0000000,0x00000000c3b56888,0x00000000c4c80000)
 Metaspace       used 85422K, committed 86784K, reserved 1179648K
  class space    used 7832K, committed 8448K, reserved 1048576K
}
Event: 8475.938 GC heap before
{Heap before GC invocations=10168 (full 292):
 PSYoungGen      total 5632K, used 5616K [0x00000000eab00000, 0x00000000eb680000, 0x0000000100000000)
  eden space 5120K, 100% used [0x00000000eab00000,0x00000000eb000000,0x00000000eb000000)
  from space 512K, 96% used [0x00000000eb280000,0x00000000eb2fc010,0x00000000eb300000)
  to   space 2560K, 0% used [0x00000000eb000000,0x00000000eb000000,0x00000000eb280000)
 ParOldGen       total 78336K, used 60762K [0x00000000c0000000, 0x00000000c4c80000, 0x00000000eab00000)
  object space 78336K, 77% used [0x00000000c0000000,0x00000000c3b56888,0x00000000c4c80000)
 Metaspace       used 85422K, committed 86784K, reserved 1179648K
  class space    used 7832K, committed 8448K, reserved 1048576K
}
Event: 8475.941 GC heap after
{Heap after GC invocations=10168 (full 292):
 PSYoungGen      total 6656K, used 1344K [0x00000000eab00000, 0x00000000eb300000, 0x0000000100000000)
  eden space 5120K, 0% used [0x00000000eab00000,0x00000000eab00000,0x00000000eb000000)
  from space 1536K, 87% used [0x00000000eb000000,0x00000000eb150020,0x00000000eb180000)
  to   space 1536K, 0% used [0x00000000eb180000,0x00000000eb180000,0x00000000eb300000)
 ParOldGen       total 78336K, used 60762K [0x00000000c0000000, 0x00000000c4c80000, 0x00000000eab00000)
  object space 78336K, 77% used [0x00000000c0000000,0x00000000c3b56888,0x00000000c4c80000)
 Metaspace       used 85422K, committed 86784K, reserved 1179648K
  class space    used 7832K, committed 8448K, reserved 1048576K
}
Event: 8482.248 GC heap before
{Heap before GC invocations=10169 (full 292):
 PSYoungGen      total 6656K, used 6464K [0x00000000eab00000, 0x00000000eb300000, 0x0000000100000000)
  eden space 5120K, 100% used [0x00000000eab00000,0x00000000eb000000,0x00000000eb000000)
  from space 1536K, 87% used [0x00000000eb000000,0x00000000eb150020,0x00000000eb180000)
  to   space 1536K, 0% used [0x00000000eb180000,0x00000000eb180000,0x00000000eb300000)
 ParOldGen       total 78336K, used 60762K [0x00000000c0000000, 0x00000000c4c80000, 0x00000000eab00000)
  object space 78336K, 77% used [0x00000000c0000000,0x00000000c3b56888,0x00000000c4c80000)
 Metaspace       used 85422K, committed 86784K, reserved 1179648K
  class space    used 7832K, committed 8448K, reserved 1048576K
}
Event: 8482.250 GC heap after
{Heap after GC invocations=10169 (full 292):
 PSYoungGen      total 6144K, used 608K [0x00000000eab00000, 0x00000000eb280000, 0x0000000100000000)
  eden space 5120K, 0% used [0x00000000eab00000,0x00000000eab00000,0x00000000eb000000)
  from space 1024K, 59% used [0x00000000eb180000,0x00000000eb218000,0x00000000eb280000)
  to   space 1024K, 0% used [0x00000000eb080000,0x00000000eb080000,0x00000000eb180000)
 ParOldGen       total 78336K, used 61023K [0x00000000c0000000, 0x00000000c4c80000, 0x00000000eab00000)
  object space 78336K, 77% used [0x00000000c0000000,0x00000000c3b97d18,0x00000000c4c80000)
 Metaspace       used 85422K, committed 86784K, reserved 1179648K
  class space    used 7832K, committed 8448K, reserved 1048576K
}
Event: 8512.752 GC heap before
{Heap before GC invocations=10170 (full 292):
 PSYoungGen      total 6144K, used 5727K [0x00000000eab00000, 0x00000000eb280000, 0x0000000100000000)
  eden space 5120K, 99% used [0x00000000eab00000,0x00000000eafffe38,0x00000000eb000000)
  from space 1024K, 59% used [0x00000000eb180000,0x00000000eb218000,0x00000000eb280000)
  to   space 1024K, 0% used [0x00000000eb080000,0x00000000eb080000,0x00000000eb180000)
 ParOldGen       total 78336K, used 61023K [0x00000000c0000000, 0x00000000c4c80000, 0x00000000eab00000)
  object space 78336K, 77% used [0x00000000c0000000,0x00000000c3b97d18,0x00000000c4c80000)
 Metaspace       used 85422K, committed 86784K, reserved 1179648K
  class space    used 7832K, committed 8448K, reserved 1048576K
}
Event: 8512.754 GC heap after
{Heap after GC invocations=10170 (full 292):
 PSYoungGen      total 5632K, used 432K [0x00000000eab00000, 0x00000000eb200000, 0x0000000100000000)
  eden space 5120K, 0% used [0x00000000eab00000,0x00000000eab00000,0x00000000eb000000)
  from space 512K, 84% used [0x00000000eb080000,0x00000000eb0ec010,0x00000000eb100000)
  to   space 1024K, 0% used [0x00000000eb100000,0x00000000eb100000,0x00000000eb200000)
 ParOldGen       total 78336K, used 61023K [0x00000000c0000000, 0x00000000c4c80000, 0x00000000eab00000)
  object space 78336K, 77% used [0x00000000c0000000,0x00000000c3b97d18,0x00000000c4c80000)
 Metaspace       used 85422K, committed 86784K, reserved 1179648K
  class space    used 7832K, committed 8448K, reserved 1048576K
}
Event: 8513.333 GC heap before
{Heap before GC invocations=10171 (full 292):
 PSYoungGen      total 5632K, used 5552K [0x00000000eab00000, 0x00000000eb200000, 0x0000000100000000)
  eden space 5120K, 100% used [0x00000000eab00000,0x00000000eb000000,0x00000000eb000000)
  from space 512K, 84% used [0x00000000eb080000,0x00000000eb0ec010,0x00000000eb100000)
  to   space 1024K, 0% used [0x00000000eb100000,0x00000000eb100000,0x00000000eb200000)
 ParOldGen       total 78336K, used 61023K [0x00000000c0000000, 0x00000000c4c80000, 0x00000000eab00000)
  object space 78336K, 77% used [0x00000000c0000000,0x00000000c3b97d18,0x00000000c4c80000)
 Metaspace       used 85422K, committed 86784K, reserved 1179648K
  class space    used 7832K, committed 8448K, reserved 1048576K
}
Event: 8513.336 GC heap after
{Heap after GC invocations=10171 (full 292):
 PSYoungGen      total 6144K, used 592K [0x00000000eab00000, 0x00000000eb200000, 0x0000000100000000)
  eden space 5120K, 0% used [0x00000000eab00000,0x00000000eab00000,0x00000000eb000000)
  from space 1024K, 57% used [0x00000000eb100000,0x00000000eb194010,0x00000000eb200000)
  to   space 1024K, 0% used [0x00000000eb000000,0x00000000eb000000,0x00000000eb100000)
 ParOldGen       total 78336K, used 61023K [0x00000000c0000000, 0x00000000c4c80000, 0x00000000eab00000)
  object space 78336K, 77% used [0x00000000c0000000,0x00000000c3b97d18,0x00000000c4c80000)
 Metaspace       used 85422K, committed 86784K, reserved 1179648K
  class space    used 7832K, committed 8448K, reserved 1048576K
}
Event: 8515.836 GC heap before
{Heap before GC invocations=10172 (full 292):
 PSYoungGen      total 6144K, used 5712K [0x00000000eab00000, 0x00000000eb200000, 0x0000000100000000)
  eden space 5120K, 100% used [0x00000000eab00000,0x00000000eb000000,0x00000000eb000000)
  from space 1024K, 57% used [0x00000000eb100000,0x00000000eb194010,0x00000000eb200000)
  to   space 1024K, 0% used [0x00000000eb000000,0x00000000eb000000,0x00000000eb100000)
 ParOldGen       total 78336K, used 61023K [0x00000000c0000000, 0x00000000c4c80000, 0x00000000eab00000)
  object space 78336K, 77% used [0x00000000c0000000,0x00000000c3b97d18,0x00000000c4c80000)
 Metaspace       used 85422K, committed 86784K, reserved 1179648K
  class space    used 7832K, committed 8448K, reserved 1048576K
}
Event: 8515.841 GC heap after
{Heap after GC invocations=10172 (full 292):
 PSYoungGen      total 6144K, used 416K [0x00000000eab00000, 0x00000000eb180000, 0x0000000100000000)
  eden space 5120K, 0% used [0x00000000eab00000,0x00000000eab00000,0x00000000eb000000)
  from space 1024K, 40% used [0x00000000eb000000,0x00000000eb068000,0x00000000eb100000)
  to   space 512K, 0% used [0x00000000eb100000,0x00000000eb100000,0x00000000eb180000)
 ParOldGen       total 78336K, used 61023K [0x00000000c0000000, 0x00000000c4c80000, 0x00000000eab00000)
  object space 78336K, 77% used [0x00000000c0000000,0x00000000c3b97d18,0x00000000c4c80000)
 Metaspace       used 85422K, committed 86784K, reserved 1179648K
  class space    used 7832K, committed 8448K, reserved 1048576K
}
Event: 8523.806 GC heap before
{Heap before GC invocations=10173 (full 292):
 PSYoungGen      total 6144K, used 5536K [0x00000000eab00000, 0x00000000eb180000, 0x0000000100000000)
  eden space 5120K, 100% used [0x00000000eab00000,0x00000000eb000000,0x00000000eb000000)
  from space 1024K, 40% used [0x00000000eb000000,0x00000000eb068000,0x00000000eb100000)
  to   space 512K, 0% used [0x00000000eb100000,0x00000000eb100000,0x00000000eb180000)
 ParOldGen       total 78336K, used 61023K [0x00000000c0000000, 0x00000000c4c80000, 0x00000000eab00000)
  object space 78336K, 77% used [0x00000000c0000000,0x00000000c3b97d18,0x00000000c4c80000)
 Metaspace       used 85422K, committed 86784K, reserved 1179648K
  class space    used 7832K, committed 8448K, reserved 1048576K
}
Event: 8523.809 GC heap after
{Heap after GC invocations=10173 (full 292):
 PSYoungGen      total 5632K, used 496K [0x00000000eab00000, 0x00000000eb200000, 0x0000000100000000)
  eden space 5120K, 0% used [0x00000000eab00000,0x00000000eab00000,0x00000000eb000000)
  from space 512K, 96% used [0x00000000eb100000,0x00000000eb17c010,0x00000000eb180000)
  to   space 1024K, 0% used [0x00000000eb000000,0x00000000eb000000,0x00000000eb100000)
 ParOldGen       total 78336K, used 61127K [0x00000000c0000000, 0x00000000c4c80000, 0x00000000eab00000)
  object space 78336K, 78% used [0x00000000c0000000,0x00000000c3bb1d18,0x00000000c4c80000)
 Metaspace       used 85422K, committed 86784K, reserved 1179648K
  class space    used 7832K, committed 8448K, reserved 1048576K
}
Event: 8524.423 GC heap before
{Heap before GC invocations=10174 (full 292):
 PSYoungGen      total 5632K, used 5616K [0x00000000eab00000, 0x00000000eb200000, 0x0000000100000000)
  eden space 5120K, 100% used [0x00000000eab00000,0x00000000eb000000,0x00000000eb000000)
  from space 512K, 96% used [0x00000000eb100000,0x00000000eb17c010,0x00000000eb180000)
  to   space 1024K, 0% used [0x00000000eb000000,0x00000000eb000000,0x00000000eb100000)
 ParOldGen       total 78336K, used 61127K [0x00000000c0000000, 0x00000000c4c80000, 0x00000000eab00000)
  object space 78336K, 78% used [0x00000000c0000000,0x00000000c3bb1d18,0x00000000c4c80000)
 Metaspace       used 85422K, committed 86784K, reserved 1179648K
  class space    used 7832K, committed 8448K, reserved 1048576K
}
Event: 8524.425 GC heap after
{Heap after GC invocations=10174 (full 292):
 PSYoungGen      total 6144K, used 400K [0x00000000eab00000, 0x00000000eb180000, 0x0000000100000000)
  eden space 5120K, 0% used [0x00000000eab00000,0x00000000eab00000,0x00000000eb000000)
  from space 1024K, 39% used [0x00000000eb000000,0x00000000eb064010,0x00000000eb100000)
  to   space 512K, 0% used [0x00000000eb100000,0x00000000eb100000,0x00000000eb180000)
 ParOldGen       total 78336K, used 61453K [0x00000000c0000000, 0x00000000c4c80000, 0x00000000eab00000)
  object space 78336K, 78% used [0x00000000c0000000,0x00000000c3c03768,0x00000000c4c80000)
 Metaspace       used 85422K, committed 86784K, reserved 1179648K
  class space    used 7832K, committed 8448K, reserved 1048576K
}
Event: 8525.387 GC heap before
{Heap before GC invocations=10175 (full 292):
 PSYoungGen      total 6144K, used 5520K [0x00000000eab00000, 0x00000000eb180000, 0x0000000100000000)
  eden space 5120K, 100% used [0x00000000eab00000,0x00000000eb000000,0x00000000eb000000)
  from space 1024K, 39% used [0x00000000eb000000,0x00000000eb064010,0x00000000eb100000)
  to   space 512K, 0% used [0x00000000eb100000,0x00000000eb100000,0x00000000eb180000)
 ParOldGen       total 78336K, used 61453K [0x00000000c0000000, 0x00000000c4c80000, 0x00000000eab00000)
  object space 78336K, 78% used [0x00000000c0000000,0x00000000c3c03768,0x00000000c4c80000)
 Metaspace       used 85422K, committed 86784K, reserved 1179648K
  class space    used 7832K, committed 8448K, reserved 1048576K
}
Event: 8525.390 GC heap after
{Heap after GC invocations=10175 (full 292):
 PSYoungGen      total 5632K, used 496K [0x00000000eab00000, 0x00000000eb200000, 0x0000000100000000)
  eden space 5120K, 0% used [0x00000000eab00000,0x00000000eab00000,0x00000000eb000000)
  from space 512K, 96% used [0x00000000eb100000,0x00000000eb17c010,0x00000000eb180000)
  to   space 1024K, 0% used [0x00000000eb000000,0x00000000eb000000,0x00000000eb100000)
 ParOldGen       total 78336K, used 61517K [0x00000000c0000000, 0x00000000c4c80000, 0x00000000eab00000)
  object space 78336K, 78% used [0x00000000c0000000,0x00000000c3c13768,0x00000000c4c80000)
 Metaspace       used 85422K, committed 86784K, reserved 1179648K
  class space    used 7832K, committed 8448K, reserved 1048576K
}

Dll operation events (11 events):
Event: 0.055 Loaded shared library /run/flatpak/doc/b19bd829/java-19-openjdk-amd64/lib/libjava.so
Event: 0.143 Loaded shared library /run/flatpak/doc/b19bd829/java-19-openjdk-amd64/lib/libjsvml.so
Event: 0.631 Loaded shared library /run/flatpak/doc/b19bd829/java-19-openjdk-amd64/lib/libzip.so
Event: 0.647 Loaded shared library /run/flatpak/doc/b19bd829/java-19-openjdk-amd64/lib/libinstrument.so
Event: 0.681 Loaded shared library /run/flatpak/doc/b19bd829/java-19-openjdk-amd64/lib/libnio.so
Event: 0.721 Loaded shared library /run/flatpak/doc/b19bd829/java-19-openjdk-amd64/lib/libzip.so
Event: 0.879 Loaded shared library /run/flatpak/doc/b19bd829/java-19-openjdk-amd64/lib/libjimage.so
Event: 1.286 Loaded shared library /run/flatpak/doc/b19bd829/java-19-openjdk-amd64/lib/libverify.so
Event: 4.712 Loaded shared library /run/flatpak/doc/b19bd829/java-19-openjdk-amd64/lib/libnet.so
Event: 6.478 Loaded shared library /home/sheryar/.var/app/com.visualstudio.code/config/Code/User/globalStorage/redhat.java/1.20.0/config_linux/org.eclipse.equinox.launcher/org.eclipse.equinox.launcher.gtk.linux.x86_64_1.2.700.v20221108-1024/eclipse_11801.so
Event: 75.373 Loaded shared library /run/flatpak/doc/b19bd829/java-19-openjdk-amd64/lib/libextnet.so

Deoptimization events (20 events):
Event: 8359.727 Thread 0x00007f3ea884a970 DEOPT PACKING pc=0x00007f3f118ced50 sp=0x00007f3efc1fe4c0
Event: 8359.727 Thread 0x00007f3ea884a970 DEOPT UNPACKING pc=0x00007f3f10264f19 sp=0x00007f3efc1fe410 mode 2
Event: 8381.057 Thread 0x00007f3ea884a970 Uncommon trap: trap_request=0xffffff45 fr.pc=0x00007f3f1175e680 relative=0x0000000000002640
Event: 8381.057 Thread 0x00007f3ea884a970 Uncommon trap: reason=unstable_if action=reinterpret pc=0x00007f3f1175e680 method=org.eclipse.jdt.internal.core.index.DiskIndex.readStreamDocumentArray(Ljava/io/InputStream;I)[I @ 17 c2
Event: 8381.057 Thread 0x00007f3ea884a970 DEOPT PACKING pc=0x00007f3f1175e680 sp=0x00007f3efc1fe230
Event: 8381.057 Thread 0x00007f3ea884a970 DEOPT UNPACKING pc=0x00007f3f10264f19 sp=0x00007f3efc1fe178 mode 2
Event: 8413.749 Thread 0x00007f3ef40dac30 DEOPT PACKING pc=0x00007f3f09945da4 sp=0x00007f3e97419a50
Event: 8413.749 Thread 0x00007f3ef40dac30 DEOPT UNPACKING pc=0x00007f3f102656af sp=0x00007f3e97418f00 mode 0
Event: 8415.840 Thread 0x00007f3e882fd910 DEOPT PACKING pc=0x00007f3f09bd83db sp=0x00007f3efc4fe090
Event: 8415.840 Thread 0x00007f3e882fd910 DEOPT UNPACKING pc=0x00007f3f102656af sp=0x00007f3efc4fd610 mode 0
Event: 8415.869 Thread 0x00007f3eb07ad6a0 DEOPT PACKING pc=0x00007f3f09bd83db sp=0x00007f3e9781a090
Event: 8415.869 Thread 0x00007f3eb07ad6a0 DEOPT UNPACKING pc=0x00007f3f102656af sp=0x00007f3e97819610 mode 0
Event: 8415.899 Thread 0x00007f3ed40b35b0 DEOPT PACKING pc=0x00007f3f09bd83db sp=0x00007f3e97afcc40
Event: 8415.899 Thread 0x00007f3ed40b35b0 DEOPT UNPACKING pc=0x00007f3f102656af sp=0x00007f3e97afc1c0 mode 0
Event: 8415.923 Thread 0x00007f3ed40b35b0 DEOPT PACKING pc=0x00007f3f09bd83db sp=0x00007f3e97afcd70
Event: 8415.923 Thread 0x00007f3ed40b35b0 DEOPT UNPACKING pc=0x00007f3f102656af sp=0x00007f3e97afc2f0 mode 0
Event: 8572.641 Thread 0x00007f3f204e65d0 Uncommon trap: trap_request=0xffffff45 fr.pc=0x00007f3f11006114 relative=0x0000000000002894
Event: 8572.641 Thread 0x00007f3f204e65d0 Uncommon trap: reason=unstable_if action=reinterpret pc=0x00007f3f11006114 method=org.eclipse.lsp4j.jsonrpc.json.StreamMessageProducer.listen(Lorg/eclipse/lsp4j/jsonrpc/MessageConsumer;)V @ 62 c2
Event: 8572.641 Thread 0x00007f3f204e65d0 DEOPT PACKING pc=0x00007f3f11006114 sp=0x00007f3e9791a640
Event: 8572.641 Thread 0x00007f3f204e65d0 DEOPT UNPACKING pc=0x00007f3f10264f19 sp=0x00007f3e9791a640 mode 2

Classes loaded (20 events):
Event: 4281.607 Loading class java/util/function/IntToDoubleFunction
Event: 4281.607 Loading class java/util/function/IntToDoubleFunction done
Event: 4281.607 Loading class java/util/function/IntToLongFunction
Event: 4281.607 Loading class java/util/function/IntToLongFunction done
Event: 4281.625 Loading class java/io/Console
Event: 4281.626 Loading class java/io/Console done
Event: 4281.674 Loading class java/nio/ShortBuffer
Event: 4281.678 Loading class java/nio/ShortBuffer done
Event: 4281.678 Loading class java/nio/FloatBuffer
Event: 4281.678 Loading class java/nio/FloatBuffer done
Event: 4281.678 Loading class java/nio/DoubleBuffer
Event: 4281.679 Loading class java/nio/DoubleBuffer done
Event: 4281.845 Loading class java/util/function/UnaryOperator
Event: 4281.846 Loading class java/util/function/UnaryOperator done
Event: 4281.862 Loading class java/util/Locale$FilteringMode
Event: 4281.866 Loading class java/util/Locale$FilteringMode done
Event: 4281.866 Loading class java/util/Locale$IsoCountryCode
Event: 4281.867 Loading class java/util/Locale$IsoCountryCode done
Event: 8572.640 Loading class jdk/internal/misc/Signal$1
Event: 8572.650 Loading class jdk/internal/misc/Signal$1 done

Classes unloaded (20 events):
Event: 5263.318 Thread 0x00007f3f20123d70 Unloading class 0x0000000801080400 'java/lang/invoke/LambdaForm$MH+0x0000000801080400'
Event: 5263.318 Thread 0x00007f3f20123d70 Unloading class 0x0000000801002000 'java/lang/invoke/LambdaForm$BMH+0x0000000801002000'
Event: 5263.318 Thread 0x00007f3f20123d70 Unloading class 0x00000008017ab000 'java/lang/invoke/LambdaForm$MH+0x00000008017ab000'
Event: 6016.571 Thread 0x00007f3f20123d70 Unloading class 0x0000000801835800 'java/lang/invoke/LambdaForm$MH+0x0000000801835800'
Event: 6016.571 Thread 0x00007f3f20123d70 Unloading class 0x0000000801835400 'java/lang/invoke/LambdaForm$MH+0x0000000801835400'
Event: 6016.571 Thread 0x00007f3f20123d70 Unloading class 0x0000000801835000 'java/lang/invoke/LambdaForm$MH+0x0000000801835000'
Event: 6016.571 Thread 0x00007f3f20123d70 Unloading class 0x0000000801834400 'java/lang/invoke/LambdaForm$MH+0x0000000801834400'
Event: 6016.571 Thread 0x00007f3f20123d70 Unloading class 0x0000000801762400 'java/lang/invoke/LambdaForm$MH+0x0000000801762400'
Event: 6016.571 Thread 0x00007f3f20123d70 Unloading class 0x0000000801820c00 'java/lang/invoke/LambdaForm$MH+0x0000000801820c00'
Event: 6016.571 Thread 0x00007f3f20123d70 Unloading class 0x000000080181e800 'java/lang/invoke/LambdaForm$MH+0x000000080181e800'
Event: 6016.571 Thread 0x00007f3f20123d70 Unloading class 0x0000000801810400 'java/lang/invoke/LambdaForm$MH+0x0000000801810400'
Event: 6016.571 Thread 0x00007f3f20123d70 Unloading class 0x0000000801810000 'java/lang/invoke/LambdaForm$MH+0x0000000801810000'
Event: 6369.887 Thread 0x00007f3f20123d70 Unloading class 0x000000080108cc00 'java/lang/invoke/LambdaForm$MH+0x000000080108cc00'
Event: 6369.887 Thread 0x00007f3f20123d70 Unloading class 0x000000080108c800 'jdk/internal/reflect/GeneratedSerializationConstructorAccessor6'
Event: 6369.887 Thread 0x00007f3f20123d70 Unloading class 0x00000008016d8400 'jdk/internal/reflect/GeneratedSerializationConstructorAccessor5'
Event: 6369.887 Thread 0x00007f3f20123d70 Unloading class 0x00000008016d6000 'jdk/internal/reflect/GeneratedSerializationConstructorAccessor4'
Event: 7092.854 Thread 0x00007f3f20123d70 Unloading class 0x0000000801762400 'java/lang/invoke/LambdaForm$MH+0x0000000801762400'
Event: 7488.767 Thread 0x00007f3f20123d70 Unloading class 0x00000008016d6000 'java/lang/invoke/LambdaForm$BMH+0x00000008016d6000'
Event: 7606.934 Thread 0x00007f3f20123d70 Unloading class 0x00000008017fb800 'java/lang/invoke/LambdaForm$MH+0x00000008017fb800'
Event: 7606.934 Thread 0x00007f3f20123d70 Unloading class 0x00000008016d8400 'java/lang/invoke/LambdaForm$MH+0x00000008016d8400'

Classes redefined (0 events):
No events

Internal exceptions (20 events):
Event: 8119.941 Thread 0x00007f3ed4077f90 Exception <a 'java/lang/NoClassDefFoundError'{0x00000000eac83d48}: Could not initialize class sun.security.ssl.SSLContextImpl$DefaultSSLContext> (0x00000000eac83d48) 
thrown [./src/hotspot/share/oops/instanceKlass.cpp, line 1080]
Event: 8120.637 Thread 0x00007f3ed4077f90 Exception <a 'java/lang/NoClassDefFoundError'{0x00000000ead2dbb0}: Could not initialize class sun.security.ssl.SSLContextImpl$DefaultSSLContext> (0x00000000ead2dbb0) 
thrown [./src/hotspot/share/oops/instanceKlass.cpp, line 1080]
Event: 8120.949 Thread 0x00007f3ed4077f90 Exception <a 'java/lang/NoClassDefFoundError'{0x00000000ead5b4b0}: Could not initialize class sun.security.ssl.SSLContextImpl$DefaultSSLContext> (0x00000000ead5b4b0) 
thrown [./src/hotspot/share/oops/instanceKlass.cpp, line 1080]
Event: 8121.566 Thread 0x00007f3ed4077f90 Exception <a 'java/lang/NoClassDefFoundError'{0x00000000eac21858}: Could not initialize class sun.security.ssl.SSLContextImpl$DefaultSSLContext> (0x00000000eac21858) 
thrown [./src/hotspot/share/oops/instanceKlass.cpp, line 1080]
Event: 8121.896 Thread 0x00007f3ed4077f90 Exception <a 'java/lang/NoClassDefFoundError'{0x00000000eacc8768}: Could not initialize class sun.security.ssl.SSLContextImpl$DefaultSSLContext> (0x00000000eacc8768) 
thrown [./src/hotspot/share/oops/instanceKlass.cpp, line 1080]
Event: 8187.083 Thread 0x00007f3ed4077f90 Exception <a 'java/lang/NoClassDefFoundError'{0x00000000eab00a78}: Could not initialize class sun.security.ssl.SSLContextImpl$DefaultSSLContext> (0x00000000eab00a78) 
thrown [./src/hotspot/share/oops/instanceKlass.cpp, line 1080]
Event: 8209.436 Thread 0x00007f3ed4077f90 Exception <a 'java/lang/NoClassDefFoundError'{0x00000000eab940c0}: Could not initialize class sun.security.ssl.SSLContextImpl$DefaultSSLContext> (0x00000000eab940c0) 
thrown [./src/hotspot/share/oops/instanceKlass.cpp, line 1080]
Event: 8230.967 Thread 0x00007f3ed4077f90 Exception <a 'java/lang/NoClassDefFoundError'{0x00000000eab7fc28}: Could not initialize class sun.security.ssl.SSLContextImpl$DefaultSSLContext> (0x00000000eab7fc28) 
thrown [./src/hotspot/share/oops/instanceKlass.cpp, line 1080]
Event: 8280.351 Thread 0x00007f3ea884a970 Exception <a 'sun/nio/fs/UnixException'{0x00000000eaba5d60}> (0x00000000eaba5d60) 
thrown [./src/hotspot/share/prims/jni.cpp, line 517]
Event: 8280.710 Thread 0x00007f3ea884a970 Exception <a 'sun/nio/fs/UnixException'{0x00000000eab9dc88}> (0x00000000eab9dc88) 
thrown [./src/hotspot/share/prims/jni.cpp, line 517]
Event: 8321.987 Thread 0x00007f3e882fd910 Exception <a 'java/lang/NoClassDefFoundError'{0x00000000ead625b0}: Could not initialize class sun.security.ssl.SSLContextImpl$DefaultSSLContext> (0x00000000ead625b0) 
thrown [./src/hotspot/share/oops/instanceKlass.cpp, line 1080]
Event: 8358.774 Thread 0x00007f3ea884a970 Exception <a 'sun/nio/fs/UnixException'{0x00000000eac97fe0}> (0x00000000eac97fe0) 
thrown [./src/hotspot/share/prims/jni.cpp, line 517]
Event: 8359.218 Thread 0x00007f3ea884a970 Exception <a 'sun/nio/fs/UnixException'{0x00000000eab85ce0}> (0x00000000eab85ce0) 
thrown [./src/hotspot/share/prims/jni.cpp, line 517]
Event: 8381.029 Thread 0x00007f3ea884a970 Exception <a 'sun/nio/fs/UnixException'{0x00000000eab43100}> (0x00000000eab43100) 
thrown [./src/hotspot/share/prims/jni.cpp, line 517]
Event: 8381.197 Thread 0x00007f3ea884a970 Exception <a 'sun/nio/fs/UnixException'{0x00000000eab59308}> (0x00000000eab59308) 
thrown [./src/hotspot/share/prims/jni.cpp, line 517]
Event: 8413.966 Thread 0x00007f3ed4078770 Exception <a 'java/lang/NoClassDefFoundError'{0x00000000eabf5e28}: Could not initialize class sun.security.ssl.SSLContextImpl$DefaultSSLContext> (0x00000000eabf5e28) 
thrown [./src/hotspot/share/oops/instanceKlass.cpp, line 1080]
Event: 8420.558 Thread 0x00007f3ea884a970 Exception <a 'sun/nio/fs/UnixException'{0x00000000eab83a48}> (0x00000000eab83a48) 
thrown [./src/hotspot/share/prims/jni.cpp, line 517]
Event: 8420.682 Thread 0x00007f3ea884a970 Exception <a 'sun/nio/fs/UnixException'{0x00000000eadc4df0}> (0x00000000eadc4df0) 
thrown [./src/hotspot/share/prims/jni.cpp, line 517]
Event: 8430.694 Thread 0x00007f3eb02005d0 Exception <a 'java/lang/NoClassDefFoundError'{0x00000000eab37e58}: Could not initialize class sun.security.ssl.SSLContextImpl$DefaultSSLContext> (0x00000000eab37e58) 
thrown [./src/hotspot/share/oops/instanceKlass.cpp, line 1080]
Event: 8430.744 Thread 0x00007f3ed40b35b0 Exception <a 'java/lang/NoClassDefFoundError'{0x00000000eab2f820}: Could not initialize class sun.security.ssl.SSLContextImpl$DefaultSSLContext> (0x00000000eab2f820) 
thrown [./src/hotspot/share/oops/instanceKlass.cpp, line 1080]

VM Operations (20 events):
Event: 8475.869 Executing VM operation: ParallelGCFailedAllocation done
Event: 8475.938 Executing VM operation: ParallelGCFailedAllocation
Event: 8475.941 Executing VM operation: ParallelGCFailedAllocation done
Event: 8482.248 Executing VM operation: ParallelGCFailedAllocation
Event: 8482.250 Executing VM operation: ParallelGCFailedAllocation done
Event: 8483.250 Executing VM operation: Cleanup
Event: 8483.251 Executing VM operation: Cleanup done
Event: 8512.752 Executing VM operation: ParallelGCFailedAllocation
Event: 8512.754 Executing VM operation: ParallelGCFailedAllocation done
Event: 8513.333 Executing VM operation: ParallelGCFailedAllocation
Event: 8513.336 Executing VM operation: ParallelGCFailedAllocation done
Event: 8515.835 Executing VM operation: ParallelGCFailedAllocation
Event: 8515.841 Executing VM operation: ParallelGCFailedAllocation done
Event: 8523.806 Executing VM operation: ParallelGCFailedAllocation
Event: 8523.809 Executing VM operation: ParallelGCFailedAllocation done
Event: 8524.423 Executing VM operation: ParallelGCFailedAllocation
Event: 8524.425 Executing VM operation: ParallelGCFailedAllocation done
Event: 8525.387 Executing VM operation: ParallelGCFailedAllocation
Event: 8525.390 Executing VM operation: ParallelGCFailedAllocation done
Event: 8572.704 Executing VM operation: Exit

Events (20 events):
Event: 8420.852 Thread 0x00007f3ec4025cd0 Thread added: 0x00007f3ec4025cd0
Event: 8420.852 Protecting memory [0x00007f3e96d1c000,0x00007f3e96d20000] with protection modes 0
Event: 8420.852 Thread 0x00007f3ee800e180 Thread exited: 0x00007f3ee800e180
Event: 8420.920 Thread 0x00007f3ec4025cd0 Thread exited: 0x00007f3ec4025cd0
Event: 8425.335 Thread 0x00007f3ec40267c0 Thread exited: 0x00007f3ec40267c0
Event: 8430.693 Thread 0x00007f3eb02005d0 Thread added: 0x00007f3eb02005d0
Event: 8430.693 Protecting memory [0x00007f3efc200000,0x00007f3efc204000] with protection modes 0
Event: 8430.694 Thread 0x00007f3eb02005d0 Thread exited: 0x00007f3eb02005d0
Event: 8455.336 Thread 0x00007f3e8c007290 Thread exited: 0x00007f3e8c007290
Event: 8473.967 Thread 0x00007f3ed4078770 Thread exited: 0x00007f3ed4078770
Event: 8485.324 Thread 0x00007f3ec800a540 Thread exited: 0x00007f3ec800a540
Event: 8489.814 Thread 0x00007f3e84072260 Thread exited: 0x00007f3e84072260
Event: 8572.650 Thread 0x00007f3ee809ce20 Thread added: 0x00007f3ee809ce20
Event: 8572.650 Protecting memory [0x00007f3e97d00000,0x00007f3e97d04000] with protection modes 0
Event: 8572.679 Thread 0x00007f3f040271b0 Thread added: 0x00007f3f040271b0
Event: 8572.679 Protecting memory [0x00007f3e9721c000,0x00007f3e97220000] with protection modes 0
Event: 8572.699 Thread 0x00007f3f04027c30 Thread added: 0x00007f3f04027c30
Event: 8572.699 Thread 0x00007f3f040271b0 Thread exited: 0x00007f3f040271b0
Event: 8572.700 Protecting memory [0x00007f3efc000000,0x00007f3efc004000] with protection modes 0
Event: 8572.700 Thread 0x00007f3f04027c30 Thread exited: 0x00007f3f04027c30


Dynamic libraries:
c0000000-c4c80000 rw-p 00000000 00:00 0 
c4c80000-eab00000 ---p 00000000 00:00 0 
eab00000-eb200000 rw-p 00000000 00:00 0 
eb200000-100000000 ---p 00000000 00:00 0 
800000000-800472000 rw-p 00001000 00:2e 10248776412646149109             /run/flatpak/doc/b19bd829/java-19-openjdk-amd64/lib/server/classes.jsa
800472000-800c51000 rw-p 00473000 00:2e 10248776412646149109             /run/flatpak/doc/b19bd829/java-19-openjdk-amd64/lib/server/classes.jsa
800c51000-801000000 ---p 00000000 00:00 0 
801000000-801040000 rw-p 00000000 00:00 0 
801040000-801100000 rw-p 00000000 00:00 0 
801100000-801260000 rw-p 00000000 00:00 0 
801260000-801280000 rw-p 00000000 00:00 0 
801280000-8013c0000 rw-p 00000000 00:00 0 
8013c0000-801400000 rw-p 00000000 00:00 0 
801400000-801670000 rw-p 00000000 00:00 0 
801670000-801680000 ---p 00000000 00:00 0 
801680000-801850000 rw-p 00000000 00:00 0 
801850000-841000000 ---p 00000000 00:00 0 
5632a19b2000-5632a19b3000 r--p 00000000 00:2e 17413292716802415071       /run/flatpak/doc/b19bd829/java-19-openjdk-amd64/bin/java
5632a19b3000-5632a19b4000 r-xp 00001000 00:2e 17413292716802415071       /run/flatpak/doc/b19bd829/java-19-openjdk-amd64/bin/java
5632a19b4000-5632a19b5000 r--p 00002000 00:2e 17413292716802415071       /run/flatpak/doc/b19bd829/java-19-openjdk-amd64/bin/java
5632a19b5000-5632a19b6000 r--p 00002000 00:2e 17413292716802415071       /run/flatpak/doc/b19bd829/java-19-openjdk-amd64/bin/java
5632a19b6000-5632a19b7000 rw-p 00003000 00:2e 17413292716802415071       /run/flatpak/doc/b19bd829/java-19-openjdk-amd64/bin/java
5632a35a2000-5632a35e9000 rw-p 00000000 00:00 0                          [heap]
7f3e77c00000-7f3e78880000 rw-p 00000000 00:00 0 
7f3e78880000-7f3e7bc00000 ---p 00000000 00:00 0 
7f3e7bcc8000-7f3e84000000 r--s 00000000 00:2e 10287303673424369199       /run/flatpak/doc/b19bd829/java-19-openjdk-amd64/lib/modules
7f3e84000000-7f3e8552e000 rw-p 00000000 00:00 0 
7f3e8552e000-7f3e88000000 ---p 00000000 00:00 0 
7f3e88000000-7f3e89890000 rw-p 00000000 00:00 0 
7f3e89890000-7f3e8c000000 ---p 00000000 00:00 0 
7f3e8c000000-7f3e8c027000 rw-p 00000000 00:00 0 
7f3e8c027000-7f3e90000000 ---p 00000000 00:00 0 
7f3e90000000-7f3e91c80000 rw-p 00000000 00:00 0 
7f3e91c80000-7f3e94000000 ---p 00000000 00:00 0 
7f3e96d1c000-7f3e96d20000 ---p 00000000 00:00 0 
7f3e96d20000-7f3e96e1c000 rw-p 00000000 00:00 0 
7f3e96e1c000-7f3e96e20000 ---p 00000000 00:00 0 
7f3e96e20000-7f3e96f1c000 rw-p 00000000 00:00 0 
7f3e96f1c000-7f3e96f20000 ---p 00000000 00:00 0 
7f3e96f20000-7f3e9701c000 rw-p 00000000 00:00 0 
7f3e9701c000-7f3e97020000 ---p 00000000 00:00 0 
7f3e97020000-7f3e9711c000 rw-p 00000000 00:00 0 
7f3e9711c000-7f3e97120000 ---p 00000000 00:00 0 
7f3e97120000-7f3e9721c000 rw-p 00000000 00:00 0 
7f3e9721c000-7f3e97220000 ---p 00000000 00:00 0 
7f3e97220000-7f3e9731c000 rw-p 00000000 00:00 0 
7f3e9731c000-7f3e97320000 ---p 00000000 00:00 0 
7f3e97320000-7f3e9741c000 rw-p 00000000 00:00 0 
7f3e9741c000-7f3e97420000 ---p 00000000 00:00 0 
7f3e97420000-7f3e9751c000 rw-p 00000000 00:00 0 
7f3e9751c000-7f3e97520000 ---p 00000000 00:00 0 
7f3e97520000-7f3e9761c000 rw-p 00000000 00:00 0 
7f3e9761c000-7f3e97620000 ---p 00000000 00:00 0 
7f3e97620000-7f3e9771c000 rw-p 00000000 00:00 0 
7f3e9771c000-7f3e97720000 ---p 00000000 00:00 0 
7f3e97720000-7f3e9781c000 rw-p 00000000 00:00 0 
7f3e9781c000-7f3e97820000 ---p 00000000 00:00 0 
7f3e97820000-7f3e9791c000 rw-p 00000000 00:00 0 
7f3e97a00000-7f3e97a04000 ---p 00000000 00:00 0 
7f3e97a04000-7f3e97b00000 rw-p 00000000 00:00 0 
7f3e97b00000-7f3e97b04000 ---p 00000000 00:00 0 
7f3e97b04000-7f3e97c00000 rw-p 00000000 00:00 0 
7f3e97c00000-7f3e97c04000 ---p 00000000 00:00 0 
7f3e97c04000-7f3e97d00000 rw-p 00000000 00:00 0 
7f3e97d00000-7f3e97d04000 ---p 00000000 00:00 0 
7f3e97d04000-7f3e97e00000 rw-p 00000000 00:00 0 
7f3e97e00000-7f3e97e04000 ---p 00000000 00:00 0 
7f3e97e04000-7f3e97f00000 rw-p 00000000 00:00 0 
7f3e97f00000-7f3e97f04000 ---p 00000000 00:00 0 
7f3e97f04000-7f3e98000000 rw-p 00000000 00:00 0 
7f3e98000000-7f3e98061000 rw-p 00000000 00:00 0 
7f3e98061000-7f3e9c000000 ---p 00000000 00:00 0 
7f3e9c000000-7f3e9c0ab000 rw-p 00000000 00:00 0 
7f3e9c0ab000-7f3ea0000000 ---p 00000000 00:00 0 
7f3ea0000000-7f3ea12c8000 rw-p 00000000 00:00 0 
7f3ea12c8000-7f3ea4000000 ---p 00000000 00:00 0 
7f3ea4000000-7f3ea4032000 rw-p 00000000 00:00 0 
7f3ea4032000-7f3ea8000000 ---p 00000000 00:00 0 
7f3ea8000000-7f3ea8985000 rw-p 00000000 00:00 0 
7f3ea8985000-7f3eac000000 ---p 00000000 00:00 0 
7f3eac000000-7f3eac021000 rw-p 00000000 00:00 0 
7f3eac021000-7f3eb0000000 ---p 00000000 00:00 0 
7f3eb0000000-7f3eb15cd000 rw-p 00000000 00:00 0 
7f3eb15cd000-7f3eb4000000 ---p 00000000 00:00 0 
7f3eb4000000-7f3eb4021000 rw-p 00000000 00:00 0 
7f3eb4021000-7f3eb8000000 ---p 00000000 00:00 0 
7f3eb8000000-7f3eb81b6000 rw-p 00000000 00:00 0 
7f3eb81b6000-7f3ebc000000 ---p 00000000 00:00 0 
7f3ebc000000-7f3ebcb7b000 rw-p 00000000 00:00 0 
7f3ebcb7b000-7f3ec0000000 ---p 00000000 00:00 0 
7f3ec0000000-7f3ec0215000 rw-p 00000000 00:00 0 
7f3ec0215000-7f3ec4000000 ---p 00000000 00:00 0 
7f3ec4000000-7f3ec4162000 rw-p 00000000 00:00 0 
7f3ec4162000-7f3ec8000000 ---p 00000000 00:00 0 
7f3ec8000000-7f3ec807a000 rw-p 00000000 00:00 0 
7f3ec807a000-7f3ecc000000 ---p 00000000 00:00 0 
7f3ecc000000-7f3ece36d000 rw-p 00000000 00:00 0 
7f3ece36d000-7f3ed0000000 ---p 00000000 00:00 0 
7f3ed0000000-7f3ed0021000 rw-p 00000000 00:00 0 
7f3ed0021000-7f3ed4000000 ---p 00000000 00:00 0 
7f3ed4000000-7f3ed430e000 rw-p 00000000 00:00 0 
7f3ed430e000-7f3ed8000000 ---p 00000000 00:00 0 
7f3ed8000000-7f3ed945d000 rw-p 00000000 00:00 0 
7f3ed945d000-7f3edc000000 ---p 00000000 00:00 0 
7f3edc000000-7f3edc12a000 rw-p 00000000 00:00 0 
7f3edc12a000-7f3ee0000000 ---p 00000000 00:00 0 
7f3ee0000000-7f3ee0026000 rw-p 00000000 00:00 0 
7f3ee0026000-7f3ee4000000 ---p 00000000 00:00 0 
7f3ee4000000-7f3ee7b78000 rw-p 00000000 00:00 0 
7f3ee7b78000-7f3ee8000000 ---p 00000000 00:00 0 
7f3ee8000000-7f3ee8254000 rw-p 00000000 00:00 0 
7f3ee8254000-7f3eec000000 ---p 00000000 00:00 0 
7f3eec000000-7f3eec021000 rw-p 00000000 00:00 0 
7f3eec021000-7f3ef0000000 ---p 00000000 00:00 0 
7f3ef0000000-7f3ef0149000 rw-p 00000000 00:00 0 
7f3ef0149000-7f3ef4000000 ---p 00000000 00:00 0 
7f3ef4000000-7f3ef42e0000 rw-p 00000000 00:00 0 
7f3ef42e0000-7f3ef8000000 ---p 00000000 00:00 0 
7f3ef8000000-7f3ef8180000 rw-p 00000000 00:00 0 
7f3ef8180000-7f3efc004000 ---p 00000000 00:00 0 
7f3efc004000-7f3efc100000 rw-p 00000000 00:00 0 
7f3efc100000-7f3efc104000 ---p 00000000 00:00 0 
7f3efc104000-7f3efc200000 rw-p 00000000 00:00 0 
7f3efc200000-7f3efc204000 ---p 00000000 00:00 0 
7f3efc204000-7f3efc300000 rw-p 00000000 00:00 0 
7f3efc300000-7f3efc304000 ---p 00000000 00:00 0 
7f3efc304000-7f3efc400000 rw-p 00000000 00:00 0 
7f3efc400000-7f3efc404000 ---p 00000000 00:00 0 
7f3efc404000-7f3efc500000 rw-p 00000000 00:00 0 
7f3efc500000-7f3efc504000 ---p 00000000 00:00 0 
7f3efc504000-7f3efc600000 rw-p 00000000 00:00 0 
7f3efc600000-7f3efc610000 r-xp 00000000 08:03 7355583                    /home/sheryar/.var/app/com.visualstudio.code/config/Code/User/globalStorage/redhat.java/1.20.0/config_linux/org.eclipse.equinox.launcher/org.eclipse.equinox.launcher.gtk.linux.x86_64_1.2.700.v20221108-1024/eclipse_11801.so
7f3efc610000-7f3efc80f000 ---p 00010000 08:03 7355583                    /home/sheryar/.var/app/com.visualstudio.code/config/Code/User/globalStorage/redhat.java/1.20.0/config_linux/org.eclipse.equinox.launcher/org.eclipse.equinox.launcher.gtk.linux.x86_64_1.2.700.v20221108-1024/eclipse_11801.so
7f3efc80f000-7f3efc810000 r--p 0000f000 08:03 7355583                    /home/sheryar/.var/app/com.visualstudio.code/config/Code/User/globalStorage/redhat.java/1.20.0/config_linux/org.eclipse.equinox.launcher/org.eclipse.equinox.launcher.gtk.linux.x86_64_1.2.700.v20221108-1024/eclipse_11801.so
7f3efc810000-7f3efc811000 rw-p 00010000 08:03 7355583                    /home/sheryar/.var/app/com.visualstudio.code/config/Code/User/globalStorage/redhat.java/1.20.0/config_linux/org.eclipse.equinox.launcher/org.eclipse.equinox.launcher.gtk.linux.x86_64_1.2.700.v20221108-1024/eclipse_11801.so
7f3efc811000-7f3efc812000 rw-p 00000000 00:00 0 
7f3efc880000-7f3efc884000 ---p 00000000 00:00 0 
7f3efc884000-7f3efc980000 rw-p 00000000 00:00 0 
7f3efc980000-7f3efc984000 ---p 00000000 00:00 0 
7f3efc984000-7f3efca80000 rw-p 00000000 00:00 0 
7f3efca80000-7f3efca84000 ---p 00000000 00:00 0 
7f3efca84000-7f3efcb80000 rw-p 00000000 00:00 0 
7f3efcb80000-7f3efcb81000 ---p 00000000 00:00 0 
7f3efcb81000-7f3efcc82000 rw-p 00000000 00:00 0 
7f3efcc82000-7f3efcc83000 ---p 00000000 00:00 0 
7f3efcc83000-7f3efcd84000 rw-p 00000000 00:00 0 
7f3efcd84000-7f3efcd85000 ---p 00000000 00:00 0 
7f3efcd85000-7f3efce86000 rw-p 00000000 00:00 0 
7f3efce86000-7f3efce8a000 ---p 00000000 00:00 0 
7f3efce8a000-7f3efcf86000 rw-p 00000000 00:00 0 
7f3efcf86000-7f3efcf87000 ---p 00000000 00:00 0 
7f3efcf87000-7f3efd088000 rw-p 00000000 00:00 0 
7f3efd088000-7f3efd08c000 ---p 00000000 00:00 0 
7f3efd08c000-7f3efd188000 rw-p 00000000 00:00 0 
7f3efd188000-7f3efd18c000 ---p 00000000 00:00 0 
7f3efd18c000-7f3efd288000 rw-p 00000000 00:00 0 
7f3efd288000-7f3efd28c000 ---p 00000000 00:00 0 
7f3efd28c000-7f3efd388000 rw-p 00000000 00:00 0 
7f3efd388000-7f3efd38c000 ---p 00000000 00:00 0 
7f3efd38c000-7f3efd488000 rw-p 00000000 00:00 0 
7f3efd488000-7f3efd48c000 ---p 00000000 00:00 0 
7f3efd48c000-7f3efd588000 rw-p 00000000 00:00 0 
7f3efd588000-7f3efd58c000 ---p 00000000 00:00 0 
7f3efd58c000-7f3efd688000 rw-p 00000000 00:00 0 
7f3efd688000-7f3efd68c000 ---p 00000000 00:00 0 
7f3efd68c000-7f3efd788000 rw-p 00000000 00:00 0 
7f3efd788000-7f3efd78c000 ---p 00000000 00:00 0 
7f3efd78c000-7f3efd888000 rw-p 00000000 00:00 0 
7f3efd888000-7f3efd88c000 ---p 00000000 00:00 0 
7f3efd88c000-7f3efd988000 rw-p 00000000 00:00 0 
7f3efd988000-7f3efdc00000 r--p 00000000 08:03 4194566                    /usr/lib/locale/en_US.utf8/LC_COLLATE
7f3efdc00000-7f3efe000000 rw-p 00000000 00:00 0 
7f3efe000000-7f3efe380000 rw-p 00000000 00:00 0 
7f3efe380000-7f3efe400000 rw-p 00000000 00:00 0 
7f3efe400000-7f3efe500000 rw-p 00000000 00:00 0 
7f3efe500000-7f3efe600000 rw-p 00000000 00:00 0 
7f3efe600000-7f3efe900000 rw-p 00000000 00:00 0 
7f3efe900000-7f3efea00000 rw-p 00000000 00:00 0 
7f3efea00000-7f3eff180000 rw-p 00000000 00:00 0 
7f3eff180000-7f3eff200000 rw-p 00000000 00:00 0 
7f3eff200000-7f3eff3e0000 rw-p 00000000 00:00 0 
7f3eff3e0000-7f3eff400000 rw-p 00000000 00:00 0 
7f3eff400000-7f3eff500000 rw-p 00000000 00:00 0 
7f3eff500000-7f3eff600000 rw-p 00000000 00:00 0 
7f3eff600000-7f3effc00000 rw-p 00000000 00:00 0 
7f3effc00000-7f3f00100000 rw-p 00000000 00:00 0 
7f3f00100000-7f3f00200000 rw-p 00000000 00:00 0 
7f3f00200000-7f3f01200000 rw-p 00000000 00:00 0 
7f3f01200000-7f3f01b00000 rw-p 00000000 00:00 0 
7f3f01b00000-7f3f01c00000 rw-p 00000000 00:00 0 
7f3f01c2c000-7f3f01c30000 ---p 00000000 00:00 0 
7f3f01c30000-7f3f01d2c000 rw-p 00000000 00:00 0 
7f3f01d2c000-7f3f01d2d000 ---p 00000000 00:00 0 
7f3f01d2d000-7f3f01e2e000 rw-p 00000000 00:00 0 
7f3f01e2e000-7f3f01e33000 r--p 00000000 00:2e 9027099085341769954        /run/flatpak/doc/b19bd829/java-19-openjdk-amd64/lib/libjsvml.so
7f3f01e33000-7f3f01e74000 r-xp 00005000 00:2e 9027099085341769954        /run/flatpak/doc/b19bd829/java-19-openjdk-amd64/lib/libjsvml.so
7f3f01e74000-7f3f01efd000 r--p 00046000 00:2e 9027099085341769954        /run/flatpak/doc/b19bd829/java-19-openjdk-amd64/lib/libjsvml.so
7f3f01efd000-7f3f01efe000 r--p 000ce000 00:2e 9027099085341769954        /run/flatpak/doc/b19bd829/java-19-openjdk-amd64/lib/libjsvml.so
7f3f01efe000-7f3f01eff000 rw-p 000cf000 00:2e 9027099085341769954        /run/flatpak/doc/b19bd829/java-19-openjdk-amd64/lib/libjsvml.so
7f3f01eff000-7f3f04000000 rw-p 00000000 00:00 0 
7f3f04000000-7f3f040ec000 rw-p 00000000 00:00 0 
7f3f040ec000-7f3f08000000 ---p 00000000 00:00 0 
7f3f0802a000-7f3f0802b000 r--p 00000000 08:03 4218328                    /usr/lib/x86_64-linux-gnu/libdl.so.2
7f3f0802b000-7f3f0802c000 r-xp 00001000 08:03 4218328                    /usr/lib/x86_64-linux-gnu/libdl.so.2
7f3f0802c000-7f3f0802d000 r--p 00002000 08:03 4218328                    /usr/lib/x86_64-linux-gnu/libdl.so.2
7f3f0802d000-7f3f0802e000 r--p 00002000 08:03 4218328                    /usr/lib/x86_64-linux-gnu/libdl.so.2
7f3f0802e000-7f3f0802f000 rw-p 00003000 08:03 4218328                    /usr/lib/x86_64-linux-gnu/libdl.so.2
7f3f08038000-7f3f08039000 r--p 00000000 00:2e 7711105912727095827        /run/flatpak/doc/b19bd829/java-19-openjdk-amd64/lib/libextnet.so
7f3f08039000-7f3f0803a000 r-xp 00001000 00:2e 7711105912727095827        /run/flatpak/doc/b19bd829/java-19-openjdk-amd64/lib/libextnet.so
7f3f0803a000-7f3f0803b000 r--p 00002000 00:2e 7711105912727095827        /run/flatpak/doc/b19bd829/java-19-openjdk-amd64/lib/libextnet.so
7f3f0803b000-7f3f0803c000 r--p 00002000 00:2e 7711105912727095827        /run/flatpak/doc/b19bd829/java-19-openjdk-amd64/lib/libextnet.so
7f3f0803c000-7f3f0803d000 rw-p 00003000 00:2e 7711105912727095827        /run/flatpak/doc/b19bd829/java-19-openjdk-amd64/lib/libextnet.so
7f3f0803d000-7f3f08041000 ---p 00000000 00:00 0 
7f3f08041000-7f3f0805f000 rw-p 00000000 00:00 0 
7f3f0805f000-7f3f08063000 r--p 00000000 00:2e 10569039507889304813       /run/flatpak/doc/b19bd829/java-19-openjdk-amd64/lib/libverify.so
7f3f08063000-7f3f0806a000 r-xp 00004000 00:2e 10569039507889304813       /run/flatpak/doc/b19bd829/java-19-openjdk-amd64/lib/libverify.so
7f3f0806a000-7f3f0806c000 r--p 0000b000 00:2e 10569039507889304813       /run/flatpak/doc/b19bd829/java-19-openjdk-amd64/lib/libverify.so
7f3f0806c000-7f3f0806e000 r--p 0000c000 00:2e 10569039507889304813       /run/flatpak/doc/b19bd829/java-19-openjdk-amd64/lib/libverify.so
7f3f0806e000-7f3f0806f000 rw-p 0000e000 00:2e 10569039507889304813       /run/flatpak/doc/b19bd829/java-19-openjdk-amd64/lib/libverify.so
7f3f0806f000-7f3f08072000 r--p 00000000 00:2e 9611984642763062292        /run/flatpak/doc/b19bd829/java-19-openjdk-amd64/lib/libnet.so
7f3f08072000-7f3f0807a000 r-xp 00003000 00:2e 9611984642763062292        /run/flatpak/doc/b19bd829/java-19-openjdk-amd64/lib/libnet.so
7f3f0807a000-7f3f0807c000 r--p 0000b000 00:2e 9611984642763062292        /run/flatpak/doc/b19bd829/java-19-openjdk-amd64/lib/libnet.so
7f3f0807c000-7f3f0807d000 ---p 0000d000 00:2e 9611984642763062292        /run/flatpak/doc/b19bd829/java-19-openjdk-amd64/lib/libnet.so
7f3f0807d000-7f3f0807e000 r--p 0000d000 00:2e 9611984642763062292        /run/flatpak/doc/b19bd829/java-19-openjdk-amd64/lib/libnet.so
7f3f0807e000-7f3f0807f000 rw-p 0000e000 00:2e 9611984642763062292        /run/flatpak/doc/b19bd829/java-19-openjdk-amd64/lib/libnet.so
7f3f0807f000-7f3f08086000 r--p 00000000 00:2e 2842892990905687395        /run/flatpak/doc/b19bd829/java-19-openjdk-amd64/lib/libnio.so
7f3f08086000-7f3f0808f000 r-xp 00007000 00:2e 2842892990905687395        /run/flatpak/doc/b19bd829/java-19-openjdk-amd64/lib/libnio.so
7f3f0808f000-7f3f08094000 r--p 00010000 00:2e 2842892990905687395        /run/flatpak/doc/b19bd829/java-19-openjdk-amd64/lib/libnio.so
7f3f08094000-7f3f08095000 r--p 00014000 00:2e 2842892990905687395        /run/flatpak/doc/b19bd829/java-19-openjdk-amd64/lib/libnio.so
7f3f08095000-7f3f08096000 rw-p 00015000 00:2e 2842892990905687395        /run/flatpak/doc/b19bd829/java-19-openjdk-amd64/lib/libnio.so
7f3f08096000-7f3f08098000 r--p 00000000 00:2e 2047085497672907558        /run/flatpak/doc/b19bd829/java-19-openjdk-amd64/lib/libzip.so
7f3f08098000-7f3f0809c000 r-xp 00002000 00:2e 2047085497672907558        /run/flatpak/doc/b19bd829/java-19-openjdk-amd64/lib/libzip.so
7f3f0809c000-7f3f0809e000 r--p 00006000 00:2e 2047085497672907558        /run/flatpak/doc/b19bd829/java-19-openjdk-amd64/lib/libzip.so
7f3f0809e000-7f3f0809f000 r--p 00007000 00:2e 2047085497672907558        /run/flatpak/doc/b19bd829/java-19-openjdk-amd64/lib/libzip.so
7f3f0809f000-7f3f080a0000 rw-p 00008000 00:2e 2047085497672907558        /run/flatpak/doc/b19bd829/java-19-openjdk-amd64/lib/libzip.so
7f3f080a0000-7f3f08cc8000 rw-p 00000000 00:00 0 
7f3f08cc8000-7f3f0b378000 rwxp 00000000 00:00 0 
7f3f0b378000-7f3f101ff000 ---p 00000000 00:00 0 
7f3f101ff000-7f3f1046f000 rwxp 00000000 00:00 0 
7f3f1046f000-7f3f10790000 ---p 00000000 00:00 0 
7f3f10790000-7f3f12150000 rwxp 00000000 00:00 0 
7f3f12150000-7f3f17cc8000 ---p 00000000 00:00 0 
7f3f17cc8000-7f3f20000000 r--s 00000000 00:2e 10287303673424369199       /run/flatpak/doc/b19bd829/java-19-openjdk-amd64/lib/modules
7f3f20000000-7f3f2063b000 rw-p 00000000 00:00 0 
7f3f2063b000-7f3f24000000 ---p 00000000 00:00 0 
7f3f24004000-7f3f24005000 r--p 00000000 08:03 4229473                    /usr/lib/x86_64-linux-gnu/libpthread.so.0
7f3f24005000-7f3f24006000 r-xp 00001000 08:03 4229473                    /usr/lib/x86_64-linux-gnu/libpthread.so.0
7f3f24006000-7f3f24007000 r--p 00002000 08:03 4229473                    /usr/lib/x86_64-linux-gnu/libpthread.so.0
7f3f24007000-7f3f24008000 r--p 00002000 08:03 4229473                    /usr/lib/x86_64-linux-gnu/libpthread.so.0
7f3f24008000-7f3f24009000 rw-p 00003000 08:03 4229473                    /usr/lib/x86_64-linux-gnu/libpthread.so.0
7f3f24009000-7f3f24060000 r--p 00000000 08:03 4194542                    /usr/lib/locale/en_US.utf8/LC_CTYPE
7f3f24060000-7f3f24061000 r--p 00000000 08:03 4194567                    /usr/share/runtime/locale/ur/lib/ur_PK/LC_NUMERIC
7f3f24061000-7f3f24062000 r--p 00000000 08:03 4217326                    /usr/lib/locale/en_US.utf8/LC_TIME
7f3f24062000-7f3f24063000 r--p 00000000 08:03 4194588                    /usr/share/runtime/locale/ur/lib/ur_PK/LC_MONETARY
7f3f24063000-7f3f2406a000 r--s 00000000 08:03 4217190                    /usr/lib/x86_64-linux-gnu/gconv/gconv-modules.cache
7f3f2406a000-7f3f2406b000 r--p 00000000 08:03 4214043                    /usr/lib/locale/en_US.utf8/LC_MESSAGES/SYS_LC_MESSAGES
7f3f2406b000-7f3f2406c000 r--p 00000000 08:03 4194547                    /usr/share/runtime/locale/ur/lib/ur_PK/LC_PAPER
7f3f2406c000-7f3f2406d000 r--p 00000000 08:03 4194586                    /usr/share/runtime/locale/ur/lib/ur_PK/LC_NAME
7f3f2406d000-7f3f242a8000 rw-p 00000000 00:00 0 
7f3f242a8000-7f3f243d7000 ---p 00000000 00:00 0 
7f3f243d7000-7f3f243d8000 ---p 00000000 00:00 0 
7f3f243d8000-7f3f24500000 rw-p 00000000 00:00 0 
7f3f24500000-7f3f2462e000 ---p 00000000 00:00 0 
7f3f2462e000-7f3f24632000 rw-p 00000000 00:00 0 
7f3f24632000-7f3f246d9000 ---p 00000000 00:00 0 
7f3f246d9000-7f3f2470e000 rw-p 00000000 00:00 0 
7f3f2470e000-7f3f247c5000 ---p 00000000 00:00 0 
7f3f247c5000-7f3f24813000 rw-p 00000000 00:00 0 
7f3f24813000-7f3f248b0000 ---p 00000000 00:00 0 
7f3f248b0000-7f3f248b5000 rw-p 00000000 00:00 0 
7f3f248b5000-7f3f248bc000 ---p 00000000 00:00 0 
7f3f248bc000-7f3f248c4000 rw-s 00000000 00:2c 705                        /tmp/hsperfdata_sheryar/810 (deleted)
7f3f248c4000-7f3f248d1000 r--p 00000000 00:2e 4929237725802667364        /run/flatpak/doc/b19bd829/java-19-openjdk-amd64/lib/libjava.so
7f3f248d1000-7f3f248e4000 r-xp 0000d000 00:2e 4929237725802667364        /run/flatpak/doc/b19bd829/java-19-openjdk-amd64/lib/libjava.so
7f3f248e4000-7f3f248ea000 r--p 00020000 00:2e 4929237725802667364        /run/flatpak/doc/b19bd829/java-19-openjdk-amd64/lib/libjava.so
7f3f248ea000-7f3f248eb000 r--p 00025000 00:2e 4929237725802667364        /run/flatpak/doc/b19bd829/java-19-openjdk-amd64/lib/libjava.so
7f3f248eb000-7f3f248ec000 rw-p 00026000 00:2e 4929237725802667364        /run/flatpak/doc/b19bd829/java-19-openjdk-amd64/lib/libjava.so
7f3f248ec000-7f3f248ed000 rw-p 00000000 00:00 0 
7f3f248ed000-7f3f248ee000 r--p 00000000 00:2e 226148561010234186         /run/flatpak/doc/b19bd829/java-19-openjdk-amd64/lib/libinstrument.so
7f3f248ee000-7f3f248f5000 r-xp 00001000 00:2e 226148561010234186         /run/flatpak/doc/b19bd829/java-19-openjdk-amd64/lib/libinstrument.so
7f3f248f5000-7f3f248f8000 r--p 00008000 00:2e 226148561010234186         /run/flatpak/doc/b19bd829/java-19-openjdk-amd64/lib/libinstrument.so
7f3f248f8000-7f3f248f9000 r--p 0000a000 00:2e 226148561010234186         /run/flatpak/doc/b19bd829/java-19-openjdk-amd64/lib/libinstrument.so
7f3f248f9000-7f3f248fa000 rw-p 0000b000 00:2e 226148561010234186         /run/flatpak/doc/b19bd829/java-19-openjdk-amd64/lib/libinstrument.so
7f3f248fa000-7f3f248fe000 ---p 00000000 00:00 0 
7f3f248fe000-7f3f249fa000 rw-p 00000000 00:00 0 
7f3f249fa000-7f3f249fe000 r--p 00000000 08:03 4205677                    /usr/lib/x86_64-linux-gnu/libgcc_s.so.1
7f3f249fe000-7f3f24a15000 r-xp 00004000 08:03 4205677                    /usr/lib/x86_64-linux-gnu/libgcc_s.so.1
7f3f24a15000-7f3f24a19000 r--p 0001b000 08:03 4205677                    /usr/lib/x86_64-linux-gnu/libgcc_s.so.1
7f3f24a19000-7f3f24a1a000 r--p 0001e000 08:03 4205677                    /usr/lib/x86_64-linux-gnu/libgcc_s.so.1
7f3f24a1a000-7f3f24a1b000 rw-p 0001f000 08:03 4205677                    /usr/lib/x86_64-linux-gnu/libgcc_s.so.1
7f3f24a1b000-7f3f24a29000 r--p 00000000 08:03 4229668                    /usr/lib/x86_64-linux-gnu/libm.so.6
7f3f24a29000-7f3f24a9f000 r-xp 0000e000 08:03 4229668                    /usr/lib/x86_64-linux-gnu/libm.so.6
7f3f24a9f000-7f3f24afc000 r--p 00084000 08:03 4229668                    /usr/lib/x86_64-linux-gnu/libm.so.6
7f3f24afc000-7f3f24afd000 r--p 000e0000 08:03 4229668                    /usr/lib/x86_64-linux-gnu/libm.so.6
7f3f24afd000-7f3f24afe000 rw-p 000e1000 08:03 4229668                    /usr/lib/x86_64-linux-gnu/libm.so.6
7f3f24afe000-7f3f24b9f000 r--p 00000000 08:03 4194594                    /usr/lib/x86_64-linux-gnu/libstdc++.so.6.0.30
7f3f24b9f000-7f3f24cbe000 r-xp 000a1000 08:03 4194594                    /usr/lib/x86_64-linux-gnu/libstdc++.so.6.0.30
7f3f24cbe000-7f3f24d2e000 r--p 001c0000 08:03 4194594                    /usr/lib/x86_64-linux-gnu/libstdc++.so.6.0.30
7f3f24d2e000-7f3f24d39000 r--p 0022f000 08:03 4194594                    /usr/lib/x86_64-linux-gnu/libstdc++.so.6.0.30
7f3f24d39000-7f3f24d3c000 rw-p 0023a000 08:03 4194594                    /usr/lib/x86_64-linux-gnu/libstdc++.so.6.0.30
7f3f24d3c000-7f3f24d3f000 rw-p 00000000 00:00 0 
7f3f24d3f000-7f3f24fb2000 r--p 00000000 00:2e 2501361945855099266        /run/flatpak/doc/b19bd829/java-19-openjdk-amd64/lib/server/libjvm.so
7f3f24fb2000-7f3f25e07000 r-xp 00273000 00:2e 2501361945855099266        /run/flatpak/doc/b19bd829/java-19-openjdk-amd64/lib/server/libjvm.so
7f3f25e07000-7f3f25fd2000 r--p 010c8000 00:2e 2501361945855099266        /run/flatpak/doc/b19bd829/java-19-openjdk-amd64/lib/server/libjvm.so
7f3f25fd2000-7f3f2609d000 r--p 01292000 00:2e 2501361945855099266        /run/flatpak/doc/b19bd829/java-19-openjdk-amd64/lib/server/libjvm.so
7f3f2609d000-7f3f260ca000 rw-p 0135d000 00:2e 2501361945855099266        /run/flatpak/doc/b19bd829/java-19-openjdk-amd64/lib/server/libjvm.so
7f3f260ca000-7f3f26129000 rw-p 00000000 00:00 0 
7f3f26129000-7f3f2612c000 r--p 00000000 08:03 4231444                    /usr/lib/x86_64-linux-gnu/libz.so.1.2.13
7f3f2612c000-7f3f2613b000 r-xp 00003000 08:03 4231444                    /usr/lib/x86_64-linux-gnu/libz.so.1.2.13
7f3f2613b000-7f3f26141000 r--p 00012000 08:03 4231444                    /usr/lib/x86_64-linux-gnu/libz.so.1.2.13
7f3f26141000-7f3f26142000 ---p 00018000 08:03 4231444                    /usr/lib/x86_64-linux-gnu/libz.so.1.2.13
7f3f26142000-7f3f26143000 r--p 00018000 08:03 4231444                    /usr/lib/x86_64-linux-gnu/libz.so.1.2.13
7f3f26143000-7f3f26144000 rw-p 00019000 08:03 4231444                    /usr/lib/x86_64-linux-gnu/libz.so.1.2.13
7f3f26144000-7f3f2616c000 r--p 00000000 08:03 4242622                    /usr/lib/x86_64-linux-gnu/libc.so.6
7f3f2616c000-7f3f262ec000 r-xp 00028000 08:03 4242622                    /usr/lib/x86_64-linux-gnu/libc.so.6
7f3f262ec000-7f3f2633e000 r--p 001a8000 08:03 4242622                    /usr/lib/x86_64-linux-gnu/libc.so.6
7f3f2633e000-7f3f26342000 r--p 001f9000 08:03 4242622                    /usr/lib/x86_64-linux-gnu/libc.so.6
7f3f26342000-7f3f26344000 rw-p 001fd000 08:03 4242622                    /usr/lib/x86_64-linux-gnu/libc.so.6
7f3f26344000-7f3f26351000 rw-p 00000000 00:00 0 
7f3f26351000-7f3f26352000 r--p 00000000 08:03 4194552                    /usr/share/runtime/locale/ur/lib/ur_PK/LC_ADDRESS
7f3f26352000-7f3f26353000 r--p 00000000 08:03 4194593                    /usr/share/runtime/locale/ur/lib/ur_PK/LC_TELEPHONE
7f3f26353000-7f3f26354000 r--p 00000000 08:03 4194523                    /usr/share/runtime/locale/ur/lib/ur_PK/LC_MEASUREMENT
7f3f26354000-7f3f26355000 r--p 00000000 08:03 4194543                    /usr/share/runtime/locale/ur/lib/ur_PK/LC_IDENTIFICATION
7f3f26355000-7f3f26356000 ---p 00000000 00:00 0 
7f3f26356000-7f3f26357000 r--p 00000000 00:00 0 
7f3f26357000-7f3f26358000 ---p 00000000 00:00 0 
7f3f26358000-7f3f2635a000 r--p 00000000 00:2e 6112251948634365428        /run/flatpak/doc/b19bd829/java-19-openjdk-amd64/lib/libjimage.so
7f3f2635a000-7f3f2635c000 r-xp 00002000 00:2e 6112251948634365428        /run/flatpak/doc/b19bd829/java-19-openjdk-amd64/lib/libjimage.so
7f3f2635c000-7f3f2635d000 r--p 00004000 00:2e 6112251948634365428        /run/flatpak/doc/b19bd829/java-19-openjdk-amd64/lib/libjimage.so
7f3f2635d000-7f3f2635e000 r--p 00004000 00:2e 6112251948634365428        /run/flatpak/doc/b19bd829/java-19-openjdk-amd64/lib/libjimage.so
7f3f2635e000-7f3f2635f000 rw-p 00005000 00:2e 6112251948634365428        /run/flatpak/doc/b19bd829/java-19-openjdk-amd64/lib/libjimage.so
7f3f2635f000-7f3f26361000 r--p 00000000 00:2e 2572172005540615134        /run/flatpak/doc/b19bd829/java-19-openjdk-amd64/lib/libjli.so
7f3f26361000-7f3f2636b000 r-xp 00002000 00:2e 2572172005540615134        /run/flatpak/doc/b19bd829/java-19-openjdk-amd64/lib/libjli.so
7f3f2636b000-7f3f2636e000 r--p 0000c000 00:2e 2572172005540615134        /run/flatpak/doc/b19bd829/java-19-openjdk-amd64/lib/libjli.so
7f3f2636e000-7f3f2636f000 r--p 0000e000 00:2e 2572172005540615134        /run/flatpak/doc/b19bd829/java-19-openjdk-amd64/lib/libjli.so
7f3f2636f000-7f3f26370000 rw-p 0000f000 00:2e 2572172005540615134        /run/flatpak/doc/b19bd829/java-19-openjdk-amd64/lib/libjli.so
7f3f26370000-7f3f26372000 rw-p 00000000 00:00 0 
7f3f26372000-7f3f26374000 r--p 00000000 08:03 4217928                    /usr/lib/x86_64-linux-gnu/ld-linux-x86-64.so.2
7f3f26374000-7f3f2639c000 r-xp 00002000 08:03 4217928                    /usr/lib/x86_64-linux-gnu/ld-linux-x86-64.so.2
7f3f2639c000-7f3f263a7000 r--p 0002a000 08:03 4217928                    /usr/lib/x86_64-linux-gnu/ld-linux-x86-64.so.2
7f3f263a7000-7f3f263a9000 r--p 00034000 08:03 4217928                    /usr/lib/x86_64-linux-gnu/ld-linux-x86-64.so.2
7f3f263a9000-7f3f263ab000 rw-p 00036000 08:03 4217928                    /usr/lib/x86_64-linux-gnu/ld-linux-x86-64.so.2
7ffc99d21000-7ffc99d43000 rw-p 00000000 00:00 0                          [stack]
7ffc99dde000-7ffc99de2000 r--p 00000000 00:00 0                          [vvar]
7ffc99de2000-7ffc99de4000 r-xp 00000000 00:00 0                          [vdso]
ffffffffff600000-ffffffffff601000 --xp 00000000 00:00 0                  [vsyscall]


VM Arguments:
jvm_args: --add-modules=ALL-SYSTEM --add-opens=java.base/java.util=ALL-UNNAMED --add-opens=java.base/java.lang=ALL-UNNAMED --add-opens=java.base/sun.nio.fs=ALL-UNNAMED -Declipse.application=org.eclipse.jdt.ls.core.id1 -Dosgi.bundles.defaultStartLevel=4 -Declipse.product=org.eclipse.jdt.ls.core.product -Djava.import.generatesMetadataFilesAtProjectRoot=false -Dfile.encoding=utf8 -XX:+UseParallelGC -XX:GCTimeRatio=4 -XX:AdaptiveSizePolicyWeight=90 -Dsun.zip.disableMemoryMapping=true -Xmx1G -Xms100m -Xlog:disable -javaagent:/home/sheryar/.var/app/com.visualstudio.code/data/vscode/extensions/redhat.java-1.20.0-linux-x64/lombok/lombok-1.18.28.jar -XX:+HeapDumpOnOutOfMemoryError -XX:HeapDumpPath=/home/sheryar/.var/app/com.visualstudio.code/config/Code/User/workspaceStorage/ac5956e2bfefecfc416832d8931b80af/redhat.java -Daether.dependencyCollector.impl=bf 
java_command: /home/sheryar/.var/app/com.visualstudio.code/data/vscode/extensions/redhat.java-1.20.0-linux-x64/server/plugins/org.eclipse.equinox.launcher_1.6.500.v20230622-2056.jar -configuration /home/sheryar/.var/app/com.visualstudio.code/config/Code/User/globalStorage/redhat.java/1.20.0/config_linux -data /home/sheryar/.var/app/com.visualstudio.code/config/Code/User/workspaceStorage/ac5956e2bfefecfc416832d8931b80af/redhat.java/jdt_ws
java_class_path (initial): /home/sheryar/.var/app/com.visualstudio.code/data/vscode/extensions/redhat.java-1.20.0-linux-x64/server/plugins/org.eclipse.equinox.launcher_1.6.500.v20230622-2056.jar
Launcher Type: SUN_STANDARD

[Global flags]
    uintx AdaptiveSizePolicyWeight                 = 90                                        {product} {command line}
     intx CICompilerCount                          = 3                                         {product} {ergonomic}
    uintx GCTimeRatio                              = 4                                         {product} {command line}
     bool HeapDumpOnOutOfMemoryError               = true                                   {manageable} {command line}
    ccstr HeapDumpPath                             = /home/sheryar/.var/app/com.visualstudio.code/config/Code/User/workspaceStorage/ac5956e2bfefecfc416832d8931b80af/redhat.java         {manageable} {command line}
   size_t InitialHeapSize                          = 104857600                                 {product} {command line}
   size_t MaxHeapSize                              = 1073741824                                {product} {command line}
   size_t MaxNewSize                               = 357564416                                 {product} {ergonomic}
   size_t MinHeapDeltaBytes                        = 524288                                    {product} {ergonomic}
   size_t MinHeapSize                              = 104857600                                 {product} {command line}
   size_t NewSize                                  = 34603008                                  {product} {ergonomic}
    uintx NonNMethodCodeHeapSize                   = 5832780                                {pd product} {ergonomic}
    uintx NonProfiledCodeHeapSize                  = 122912730                              {pd product} {ergonomic}
   size_t OldSize                                  = 70254592                                  {product} {ergonomic}
    uintx ProfiledCodeHeapSize                     = 122912730                              {pd product} {ergonomic}
    uintx ReservedCodeCacheSize                    = 251658240                              {pd product} {ergonomic}
     bool SegmentedCodeCache                       = true                                      {product} {ergonomic}
   size_t SoftMaxHeapSize                          = 1073741824                             {manageable} {ergonomic}
     bool UseCompressedClassPointers               = true                           {product lp64_product} {ergonomic}
     bool UseCompressedOops                        = true                           {product lp64_product} {ergonomic}
     bool UseParallelGC                            = true                                      {product} {command line}

Logging:
Log output configuration:
 #0: stdout all=off uptime,level,tags foldmultilines=false
 #1: stderr all=off uptime,level,tags foldmultilines=false

Environment Variables:
PATH=/app/bin:/app/bin:/app/bin:/usr/bin:/home/sheryar/.var/app/com.visualstudio.code/data/node_modules/bin
LD_LIBRARY_PATH=/app/lib
SHELL=/bin/sh
DISPLAY=:99.0
LANG=en_US.UTF-8
LC_NUMERIC=ur_PK

Active Locale:
LC_ALL=LC_CTYPE=en_US.UTF-8;LC_NUMERIC=ur_PK;LC_TIME=en_US.UTF-8;LC_COLLATE=en_US.UTF-8;LC_MONETARY=ur_PK;LC_MESSAGES=en_US.UTF-8;LC_PAPER=ur_PK;LC_NAME=ur_PK;LC_ADDRESS=ur_PK;LC_TELEPHONE=ur_PK;LC_MEASUREMENT=ur_PK;LC_IDENTIFICATION=ur_PK
LC_COLLATE=en_US.UTF-8
LC_CTYPE=en_US.UTF-8
LC_MESSAGES=en_US.UTF-8
LC_MONETARY=ur_PK
LC_NUMERIC=ur_PK
LC_TIME=en_US.UTF-8

Signal Handlers:
   SIGSEGV: 0x00007f3f25b4a900 in libjvm.so+14727424, mask=11100100010111111101111111111110, flags=SA_RESTART|SA_SIGINFO
    SIGBUS: 0x00007f3f25b4a900 in libjvm.so+14727424, mask=11100100010111111101111111111110, flags=SA_RESTART|SA_SIGINFO
    SIGFPE: 0x00007f3f25b4a900 in libjvm.so+14727424, mask=11100100010111111101111111111110, flags=SA_RESTART|SA_SIGINFO
   SIGPIPE: 0x00007f3f25a32f50 in libjvm.so+13582160, mask=11100100010111111101111111111110, flags=SA_RESTART|SA_SIGINFO
   SIGXFSZ: 0x00007f3f25a32f50 in libjvm.so+13582160, mask=11100100010111111101111111111110, flags=SA_RESTART|SA_SIGINFO
    SIGILL: 0x00007f3f25b4a900 in libjvm.so+14727424, mask=11100100010111111101111111111110, flags=SA_RESTART|SA_SIGINFO
   SIGUSR2: 0x00007f3f25a2c7c0 in libjvm.so+13555648, mask=00000000000000000000000000000000, flags=SA_RESTART|SA_SIGINFO
  *** Handler was modified!
  *** Expected: 0x00007f3f20138f20, mask=00001001000000000000000000000100, flags=SA_RESTART|SA_SIGINFO
    SIGHUP: 0x00007f3f25a2c6e0 in libjvm.so+13555424, mask=11100100010111111101111111111110, flags=SA_RESTART|SA_SIGINFO
    SIGINT: 0x00007f3f25a2c6e0 in libjvm.so+13555424, mask=11100100010111111101111111111110, flags=SA_RESTART|SA_SIGINFO
   SIGTERM: 0x00007f3f25a2c6e0 in libjvm.so+13555424, mask=11100100010111111101111111111110, flags=SA_RESTART|SA_SIGINFO
   SIGQUIT: 0x00007f3f25a2c6e0 in libjvm.so+13555424, mask=11100100010111111101111111111110, flags=SA_RESTART|SA_SIGINFO
   SIGTRAP: 0x00007f3f25b4a900 in libjvm.so+14727424, mask=11100100010111111101111111111110, flags=SA_RESTART|SA_SIGINFO


---------------  S Y S T E M  ---------------

OS:
NAME="Freedesktop SDK"
VERSION="22.08 (Flatpak runtime)"
VERSION_ID=22.08
ID=org.freedesktop.platform
PRETTY_NAME="Freedesktop.org SDK 22.08 (Flatpak runtime)"
BUG_REPORT_URL=https://gitlab.com/freedesktop-sdk/freedesktop-sdk/issues
uname: Linux 5.15.0-56-generic #62-Ubuntu SMP Tue Nov 22 19:54:14 UTC 2022 x86_64
OS uptime: 0 days 2:28 hours
libc: glibc 2.35 NPTL 2.35 
rlimit (soft/hard): STACK 8192k/infinity , CORE 0k/infinity , NPROC 30988/30988 , NOFILE 1048576/1048576 , AS infinity/infinity , CPU infinity/infinity , DATA infinity/infinity , FSIZE infinity/infinity , MEMLOCK 1007304k/1007304k
load average: 0.91 1.27 1.69

/proc/meminfo:
MemTotal:        8058452 kB
MemFree:         3514396 kB
MemAvailable:    6878248 kB
Buffers:          982784 kB
Cached:          2230160 kB
SwapCached:           36 kB
Active:          2054140 kB
Inactive:        1576340 kB
Active(anon):       3948 kB
Inactive(anon):   551780 kB
Active(file):    2050192 kB
Inactive(file):  1024560 kB
Unevictable:       97600 kB
Mlocked:              96 kB
SwapTotal:       2097148 kB
SwapFree:        2095868 kB
Dirty:              5428 kB
Writeback:            60 kB
AnonPages:        514836 kB
Mapped:           100320 kB
Shmem:            138364 kB
KReclaimable:     592612 kB
Slab:             692964 kB
SReclaimable:     592612 kB
SUnreclaim:       100352 kB
KernelStack:        3180 kB
PageTables:         4444 kB
NFS_Unstable:          0 kB
Bounce:                0 kB
WritebackTmp:          0 kB
CommitLimit:     6126372 kB
Committed_AS:     709808 kB
VmallocTotal:   34359738367 kB
VmallocUsed:       42880 kB
VmallocChunk:          0 kB
Percpu:             3232 kB
HardwareCorrupted:     0 kB
AnonHugePages:         0 kB
ShmemHugePages:        0 kB
ShmemPmdMapped:        0 kB
FileHugePages:         0 kB
FilePmdMapped:         0 kB
HugePages_Total:       0
HugePages_Free:        0
HugePages_Rsvd:        0
HugePages_Surp:        0
Hugepagesize:       2048 kB
Hugetlb:               0 kB
DirectMap4k:      405452 kB
DirectMap2M:     7903232 kB
DirectMap1G:           0 kB

/sys/kernel/mm/transparent_hugepage/enabled: <Not Available>
/sys/kernel/mm/transparent_hugepage/defrag (defrag/compaction efforts parameter): <Not Available>

Process Memory:
Virtual Size: 4923928K (peak: 4927964K)
Resident Set Size: 472976K (peak: 495792K) (anon: 464844K, file: 8100K, shmem: 32K)
Swapped out: 0K
C-Heap outstanding allocations: 52946K, retained: 167945K
glibc malloc tunables: (default)

/proc/sys/kernel/threads-max (system-wide limit on the number of threads): 61977
/proc/sys/vm/max_map_count (maximum number of memory map areas a process may have): 65530
/proc/sys/kernel/pid_max (system-wide limit on number of process identifiers): 4194304

container information not found.
Steal ticks since vm start: 0
Steal ticks percentage since vm start:  0.000

CPU: total 4 (initial active 4) (2 cores per cpu, 2 threads per core) family 6 model 78 stepping 3 microcode 0xf0, cx8, cmov, fxsr, ht, mmx, 3dnowpref, sse, sse2, sse3, ssse3, sse4.1, sse4.2, popcnt, lzcnt, tsc, tscinvbit, avx, avx2, aes, erms, clmul, bmi1, bmi2, adx, fma, vzeroupper, clflush, clflushopt, rdtscp
CPU Model and flags from /proc/cpuinfo:
model name	: Intel(R) Core(TM) m5-6Y54 CPU @ 1.10GHz
flags		: fpu vme de pse tsc msr pae mce cx8 apic sep mtrr pge mca cmov pat pse36 clflush dts acpi mmx fxsr sse sse2 ss ht tm pbe syscall nx pdpe1gb rdtscp lm constant_tsc art arch_perfmon pebs bts rep_good nopl xtopology nonstop_tsc cpuid aperfmperf pni pclmulqdq dtes64 monitor ds_cpl vmx est tm2 ssse3 sdbg fma cx16 xtpr pdcm pcid sse4_1 sse4_2 x2apic movbe popcnt tsc_deadline_timer aes xsave avx f16c rdrand lahf_lm abm 3dnowprefetch cpuid_fault epb invpcid_single pti ssbd ibrs ibpb stibp tpr_shadow vnmi flexpriority ept vpid ept_ad fsgsbase tsc_adjust bmi1 avx2 smep bmi2 erms invpcid mpx rdseed adx smap clflushopt intel_pt xsaveopt xsavec xgetbv1 xsaves dtherm ida arat pln pts hwp hwp_notify hwp_act_window hwp_epp md_clear flush_l1d arch_capabilities

Online cpus: 0-3
Offline cpus: 
BIOS frequency limitation: <Not Available>
Frequency switch latency (ns): 0
Available cpu frequencies: <Not Available>
Current governor: powersave
Core performance/turbo boost: <Not Available>

Memory: 4k page, physical 8058452k(3514552k free), swap 2097148k(2095868k free)
Page Sizes: 4k

vm_info: OpenJDK 64-Bit Server VM (19.0.2+7-Ubuntu-0ubuntu322.04) for linux-amd64 JRE (19.0.2+7-Ubuntu-0ubuntu322.04), built on 2023-02-19T21:39:48Z by "buildd" with gcc 11.3.0

END.
